New log file opened at Tue Mar 14 20:45:40 CET 2017 by 8876@Martin-pc
jvm 8876@Martin-pc
jvm vmName=Java HotSpot(TM) 64-Bit Server VM vmVendor=Oracle Corporation vmVersion=25.25-b02
jvm specName=Java Virtual Machine Specification specVendor=Oracle Corporation specVersion=1.8
jvm arguments: [-Xms256m, -Xmx1024m, -XX:MetaspaceSize=64m, -XX:MaxMetaspaceSize=256m]
Starting event engine
Starting sbt command engine
Waiting for sbt command engine
Command engine arguments=List()
Command engine baseDirectory=C:\Users\Martin\dp\masarykac
Command engine initial remaining commands List(--initialize, onFailure load-failed, boot, server-send-ready-for-request, server-handle-next-server-request)
> --initialize
> initialize
> onFailure load-failed
> boot
> reload
[Loading] Scanning directory C:\Users\Martin\dp\masarykac\project
[Loading] Found non-root projects 
[Loading] Done in C:\Users\Martin\dp\masarykac\project, returning: ()
deducing auto plugins based on known facts Set(Atom(sbt.plugins.CorePlugin)) and clauses Clauses(List(Clause(Atom(sbt.plugins.JvmPlugin),Set(Atom(sbt.plugins.IvyPlugin))), Clause(Atom(sbt.plugins.JUnitXmlReportPlugin),Set(Atom(sbt.plugins.JvmPlugin))), Clause(Atom(sbt.plugins.CorePlugin),Set(Atom(sbt.plugins.IvyPlugin))), Clause(Atom(sbt.plugins.IvyPlugin),Set(Atom(sbt.plugins.JvmPlugin))), Clause(Atom(sbt.plugins.JvmPlugin),Set(Atom(sbt.plugins.JUnitXmlReportPlugin)))))
  :: deduced result: Matched(sbt.plugins.CorePlugin,sbt.plugins.IvyPlugin,sbt.plugins.JvmPlugin,sbt.plugins.JUnitXmlReportPlugin)
sorting: ns: List(sbt.plugins.CorePlugin, sbt.plugins.IvyPlugin, sbt.plugins.JvmPlugin, sbt.plugins.JUnitXmlReportPlugin)
  :: sorting:: found: List(sbt.plugins.CorePlugin) not found List(sbt.plugins.IvyPlugin, sbt.plugins.JvmPlugin, sbt.plugins.JUnitXmlReportPlugin)
  :: sorting:: found: List(sbt.plugins.CorePlugin, sbt.plugins.IvyPlugin) not found List(sbt.plugins.JvmPlugin, sbt.plugins.JUnitXmlReportPlugin)
  :: sorting:: found: List(sbt.plugins.CorePlugin, sbt.plugins.IvyPlugin, sbt.plugins.JvmPlugin) not found List(sbt.plugins.JUnitXmlReportPlugin)
  :: sorting:: found: List(sbt.plugins.CorePlugin, sbt.plugins.IvyPlugin, sbt.plugins.JvmPlugin, sbt.plugins.JUnitXmlReportPlugin) not found List()
  :: sorted deduced result: List(sbt.plugins.CorePlugin, sbt.plugins.IvyPlugin, sbt.plugins.JvmPlugin, sbt.plugins.JUnitXmlReportPlugin)
[Loading] Done in C:\Users\Martin\dp\masarykac\project, returning: (masarykac-build)
Loading project definition from C:\Users\Martin\dp\masarykac\project
Running task... Cancel: sbt.TaskCancellationStrategy$Null$@384c1452, check cycles: false

Initial source changes: 
	removed:Set()
	added: Set()
	modified: Set()
Removed products: Set()
External API changes: API Changes: Set()
Modified binary dependencies: Set()
Initial directly invalidated sources: Set()

Sources indirectly invalidated by:
	product: Set()
	binary dep: Set()
	external source: Set()
All initially invalidated sources: Set()

Copy resource mappings: 
	
[Loading] Scanning directory C:\Users\Martin\dp\masarykac
[Loading] Found root project root w/ remaining 
deducing auto plugins based on known facts Set(Atom(play.sbt.PlayJava), Atom(play.ebean.sbt.PlayEbean), Atom(sbt.plugins.CorePlugin)) and clauses Clauses(List(Clause(Atom(sbt.plugins.JvmPlugin),Set(Atom(sbt.plugins.IvyPlugin))), Clause(Atom(sbt.plugins.JUnitXmlReportPlugin),Set(Atom(sbt.plugins.JvmPlugin))), Clause(Atom(play.sbt.forkrun.PlayForkRun),Set(Atom(sbt.plugins.BackgroundRunPlugin))), Clause(Atom(play.sbt.forkrun.PlayForkRun),Set(Atom(play.sbt.Play))), Clause(Atom(play.sbt.forkrun.PlayForkRun),Set(Atom(sbt.plugins.SerializersPlugin))), Clause(Atom(play.sbt.Play),Set(Atom(com.typesafe.sbt.packager.archetypes.JavaServerAppPackaging))), Clause(Atom(play.sbt.Play),Set(Atom(play.sbt.routes.RoutesCompiler))), Clause(Atom(play.sbt.Play),Set(Atom(play.twirl.sbt.SbtTwirl))), Clause(Atom(play.sbt.Play),Set(Atom(com.typesafe.sbt.jse.SbtJsTask))), Clause(Atom(play.sbt.PlayAkkaHttpServer),Set(Atom(play.sbt.Play))), Clause(Atom(play.sbt.PlayJava),Set(Atom(play.sbt.Play))), Clause(Atom(play.sbt.PlayLayoutPlugin),Set(Atom(play.sbt.Play))), Clause(Atom(play.sbt.PlayLogback),Set(Atom(play.sbt.Play))), Clause(Atom(play.sbt.PlayNettyServer),Set(Atom(play.sbt.Play))), Clause(Atom(play.sbt.PlayScala),Set(Atom(play.sbt.Play))), Clause(Atom(play.sbt.routes.RoutesCompiler),Set(Atom(sbt.plugins.JvmPlugin))), Clause(Atom(play.twirl.sbt.SbtTwirl),Set(Atom(sbt.plugins.JvmPlugin))), Clause(Atom(com.typesafe.sbt.packager.archetypes.AkkaAppPackaging),Set(Atom(com.typesafe.sbt.packager.archetypes.JavaAppPackaging))), Clause(Atom(com.typesafe.sbt.packager.archetypes.JavaAppPackaging),Set(Atom(com.typesafe.sbt.packager.windows.WindowsPlugin))), Clause(Atom(com.typesafe.sbt.packager.archetypes.JavaAppPackaging),Set(Atom(com.typesafe.sbt.packager.docker.DockerPlugin))), Clause(Atom(com.typesafe.sbt.packager.archetypes.JavaAppPackaging),Set(Atom(com.typesafe.sbt.packager.debian.DebianPlugin))), Clause(Atom(com.typesafe.sbt.packager.archetypes.JavaAppPackaging),Set(Atom(com.typesafe.sbt.packager.rpm.RpmPlugin))), Clause(Atom(com.typesafe.sbt.packager.archetypes.JavaServerAppPackaging),Set(Atom(com.typesafe.sbt.packager.archetypes.JavaAppPackaging))), Clause(Atom(com.typesafe.sbt.packager.archetypes.jar.ClasspathJarPlugin),Set(Atom(com.typesafe.sbt.packager.archetypes.JavaAppPackaging))), Clause(Atom(com.typesafe.sbt.packager.archetypes.jar.LauncherJarPlugin),Set(Atom(com.typesafe.sbt.packager.archetypes.JavaAppPackaging))), Clause(Atom(com.typesafe.sbt.packager.debian.DebianDeployPlugin),Set(Atom(com.typesafe.sbt.packager.debian.DebianPlugin))), Clause(Atom(com.typesafe.sbt.packager.debian.DebianPlugin),Set(Atom(com.typesafe.sbt.packager.linux.LinuxPlugin))), Clause(Atom(com.typesafe.sbt.packager.debian.JDebPackaging),Set(Atom(com.typesafe.sbt.packager.debian.DebianPlugin))), Clause(Atom(com.typesafe.sbt.packager.docker.DockerPlugin),Set(Atom(com.typesafe.sbt.packager.universal.UniversalPlugin))), Clause(Atom(com.typesafe.sbt.packager.jdkpackager.JDKPackagerDeployPlugin),Set(Atom(com.typesafe.sbt.packager.jdkpackager.JDKPackagerPlugin))), Clause(Atom(com.typesafe.sbt.packager.jdkpackager.JDKPackagerPlugin),Set(Atom(com.typesafe.sbt.packager.archetypes.JavaAppPackaging))), Clause(Atom(com.typesafe.sbt.packager.jdkpackager.JDKPackagerPlugin),Set(Atom(com.typesafe.sbt.packager.archetypes.jar.LauncherJarPlugin))), Clause(Atom(com.typesafe.sbt.packager.linux.LinuxPlugin),Set(Atom(com.typesafe.sbt.packager.universal.UniversalPlugin))), Clause(Atom(com.typesafe.sbt.packager.rpm.RpmDeployPlugin),Set(Atom(com.typesafe.sbt.packager.rpm.RpmPlugin))), Clause(Atom(com.typesafe.sbt.packager.rpm.RpmPlugin),Set(Atom(com.typesafe.sbt.packager.linux.LinuxPlugin))), Clause(Atom(com.typesafe.sbt.packager.universal.UniversalDeployPlugin),Set(Atom(com.typesafe.sbt.packager.universal.UniversalPlugin))), Clause(Atom(com.typesafe.sbt.packager.universal.UniversalPlugin),Set(Atom(com.typesafe.sbt.SbtNativePackager))), Clause(Atom(com.typesafe.sbt.packager.windows.WindowsDeployPlugin),Set(Atom(com.typesafe.sbt.packager.windows.WindowsPlugin))), Clause(Atom(com.typesafe.sbt.packager.windows.WindowsPlugin),Set(Atom(com.typesafe.sbt.packager.universal.UniversalPlugin))), Clause(Atom(com.typesafe.sbt.web.SbtWeb),Set(Atom(sbt.plugins.JvmPlugin))), Clause(Atom(com.typesafe.sbt.jse.SbtJsEngine),Set(Atom(com.typesafe.sbt.web.SbtWeb))), Clause(Atom(com.typesafe.sbt.jse.SbtJsTask),Set(Atom(com.typesafe.sbt.jse.SbtJsEngine))), Clause(Atom(sbt.plugins.BackgroundRunPlugin),Set(Atom(sbt.plugins.JvmPlugin))), Clause(Atom(com.typesafe.sbt.coffeescript.SbtCoffeeScript),Set(Atom(com.typesafe.sbt.jse.SbtJsTask))), Clause(Atom(com.typesafe.sbt.less.SbtLess),Set(Atom(com.typesafe.sbt.jse.SbtJsTask))), Clause(Atom(com.typesafe.sbt.jshint.SbtJSHint),Set(Atom(com.typesafe.sbt.jse.SbtJsTask))), Clause(Atom(com.typesafe.sbt.rjs.SbtRjs),Set(Atom(com.typesafe.sbt.jse.SbtJsTask))), Clause(Atom(com.typesafe.sbt.digest.SbtDigest),Set(Atom(com.typesafe.sbt.web.SbtWeb))), Clause(Atom(com.typesafe.sbt.mocha.SbtMocha),Set(Atom(com.typesafe.sbt.jse.SbtJsTask))), Clause(Atom(com.typesafe.play.sbt.enhancer.PlayEnhancer),Set(Atom(sbt.plugins.JvmPlugin))), Clause(Atom(play.ebean.sbt.PlayEbean),Set(Atom(com.typesafe.play.sbt.enhancer.PlayEnhancer))), Clause(Atom(sbt.plugins.CorePlugin),Set(Atom(sbt.plugins.IvyPlugin))), Clause(Atom(sbt.plugins.IvyPlugin),Set(Atom(sbt.plugins.JvmPlugin))), Clause(Atom(sbt.plugins.JvmPlugin),Set(Atom(sbt.plugins.JUnitXmlReportPlugin))), Clause(And(Set(Atom(sbt.plugins.BackgroundRunPlugin), Atom(play.sbt.Play), Atom(sbt.plugins.SerializersPlugin))),Set(Atom(play.sbt.forkrun.PlayForkRun))), Clause(Atom(play.sbt.Play),Set(Atom(play.sbt.PlayLayoutPlugin))), Clause(Atom(play.sbt.Play),Set(Atom(play.sbt.PlayLogback))), Clause(Atom(play.sbt.Play),Set(Atom(play.sbt.PlayNettyServer))), Clause(Atom(com.typesafe.sbt.web.SbtWeb),Set(Atom(com.typesafe.sbt.jse.SbtJsEngine))), Clause(Atom(com.typesafe.sbt.jse.SbtJsEngine),Set(Atom(com.typesafe.sbt.jse.SbtJsTask))), Clause(Atom(sbt.plugins.JvmPlugin),Set(Atom(sbt.plugins.BackgroundRunPlugin))), Clause(Atom(sbt.plugins.CorePlugin),Set(Atom(sbt.plugins.InteractionServicePlugin))), Clause(Atom(sbt.plugins.CorePlugin),Set(Atom(sbt.plugins.SendEventServicePlugin))), Clause(Atom(sbt.plugins.CorePlugin),Set(Atom(sbt.plugins.SerializersPlugin))), Clause(Atom(com.typesafe.sbt.jse.SbtJsTask),Set(Atom(com.typesafe.sbt.coffeescript.SbtCoffeeScript))), Clause(Atom(com.typesafe.sbt.jse.SbtJsTask),Set(Atom(com.typesafe.sbt.less.SbtLess))), Clause(Atom(com.typesafe.sbt.jse.SbtJsTask),Set(Atom(com.typesafe.sbt.jshint.SbtJSHint))), Clause(Atom(com.typesafe.sbt.jse.SbtJsTask),Set(Atom(com.typesafe.sbt.rjs.SbtRjs))), Clause(Atom(com.typesafe.sbt.web.SbtWeb),Set(Atom(com.typesafe.sbt.digest.SbtDigest))), Clause(Atom(com.typesafe.sbt.jse.SbtJsTask),Set(Atom(com.typesafe.sbt.mocha.SbtMocha))), Clause(Atom(sbt.plugins.JvmPlugin),Set(Atom(com.typesafe.play.sbt.enhancer.PlayEnhancer)))))
  :: deduced result: Matched(sbt.plugins.CorePlugin,play.ebean.sbt.PlayEbean,play.sbt.PlayJava,com.typesafe.play.sbt.enhancer.PlayEnhancer,sbt.plugins.InteractionServicePlugin,sbt.plugins.SendEventServicePlugin,play.sbt.Play,sbt.plugins.SerializersPlugin,sbt.plugins.IvyPlugin,com.typesafe.sbt.packager.archetypes.JavaServerAppPackaging,play.twirl.sbt.SbtTwirl,sbt.plugins.JvmPlugin,play.sbt.PlayNettyServer,play.sbt.PlayLayoutPlugin,play.sbt.routes.RoutesCompiler,play.sbt.PlayLogback,com.typesafe.sbt.jse.SbtJsTask,com.typesafe.sbt.jshint.SbtJSHint,com.typesafe.sbt.packager.archetypes.JavaAppPackaging,sbt.plugins.JUnitXmlReportPlugin,com.typesafe.sbt.mocha.SbtMocha,com.typesafe.sbt.less.SbtLess,com.typesafe.sbt.rjs.SbtRjs,com.typesafe.sbt.jse.SbtJsEngine,com.typesafe.sbt.coffeescript.SbtCoffeeScript,sbt.plugins.BackgroundRunPlugin,com.typesafe.sbt.packager.rpm.RpmPlugin,com.typesafe.sbt.packager.windows.WindowsPlugin,com.typesafe.sbt.web.SbtWeb,com.typesafe.sbt.packager.docker.DockerPlugin,play.sbt.forkrun.PlayForkRun,com.typesafe.sbt.packager.debian.DebianPlugin,com.typesafe.sbt.digest.SbtDigest,com.typesafe.sbt.packager.universal.UniversalPlugin,com.typesafe.sbt.packager.linux.LinuxPlugin,com.typesafe.sbt.SbtNativePackager)
sorting: ns: List(sbt.plugins.CorePlugin, play.ebean.sbt.PlayEbean, play.sbt.PlayJava, com.typesafe.play.sbt.enhancer.PlayEnhancer, sbt.plugins.InteractionServicePlugin, sbt.plugins.SendEventServicePlugin, play.sbt.Play, sbt.plugins.SerializersPlugin, sbt.plugins.IvyPlugin, com.typesafe.sbt.packager.archetypes.JavaServerAppPackaging, play.twirl.sbt.SbtTwirl, sbt.plugins.JvmPlugin, play.sbt.PlayNettyServer, play.sbt.PlayLayoutPlugin, play.sbt.routes.RoutesCompiler, play.sbt.PlayLogback, com.typesafe.sbt.jse.SbtJsTask, com.typesafe.sbt.jshint.SbtJSHint, com.typesafe.sbt.packager.archetypes.JavaAppPackaging, sbt.plugins.JUnitXmlReportPlugin, com.typesafe.sbt.mocha.SbtMocha, com.typesafe.sbt.less.SbtLess, com.typesafe.sbt.rjs.SbtRjs, com.typesafe.sbt.jse.SbtJsEngine, com.typesafe.sbt.coffeescript.SbtCoffeeScript, sbt.plugins.BackgroundRunPlugin, com.typesafe.sbt.packager.rpm.RpmPlugin, com.typesafe.sbt.packager.windows.WindowsPlugin, com.typesafe.sbt.web.SbtWeb, com.typesafe.sbt.packager.docker.DockerPlugin, play.sbt.forkrun.PlayForkRun, com.typesafe.sbt.packager.debian.DebianPlugin, com.typesafe.sbt.digest.SbtDigest, com.typesafe.sbt.packager.universal.UniversalPlugin, com.typesafe.sbt.packager.linux.LinuxPlugin, com.typesafe.sbt.SbtNativePackager)
  :: sorting:: found: List(sbt.plugins.CorePlugin, com.typesafe.sbt.SbtNativePackager) not found List(play.ebean.sbt.PlayEbean, play.sbt.PlayJava, com.typesafe.play.sbt.enhancer.PlayEnhancer, sbt.plugins.InteractionServicePlugin, sbt.plugins.SendEventServicePlugin, play.sbt.Play, sbt.plugins.SerializersPlugin, sbt.plugins.IvyPlugin, com.typesafe.sbt.packager.archetypes.JavaServerAppPackaging, play.twirl.sbt.SbtTwirl, sbt.plugins.JvmPlugin, play.sbt.PlayNettyServer, play.sbt.PlayLayoutPlugin, play.sbt.routes.RoutesCompiler, play.sbt.PlayLogback, com.typesafe.sbt.jse.SbtJsTask, com.typesafe.sbt.jshint.SbtJSHint, com.typesafe.sbt.packager.archetypes.JavaAppPackaging, sbt.plugins.JUnitXmlReportPlugin, com.typesafe.sbt.mocha.SbtMocha, com.typesafe.sbt.less.SbtLess, com.typesafe.sbt.rjs.SbtRjs, com.typesafe.sbt.jse.SbtJsEngine, com.typesafe.sbt.coffeescript.SbtCoffeeScript, sbt.plugins.BackgroundRunPlugin, com.typesafe.sbt.packager.rpm.RpmPlugin, com.typesafe.sbt.packager.windows.WindowsPlugin, com.typesafe.sbt.web.SbtWeb, com.typesafe.sbt.packager.docker.DockerPlugin, play.sbt.forkrun.PlayForkRun, com.typesafe.sbt.packager.debian.DebianPlugin, com.typesafe.sbt.digest.SbtDigest, com.typesafe.sbt.packager.universal.UniversalPlugin, com.typesafe.sbt.packager.linux.LinuxPlugin)
  :: sorting:: found: List(sbt.plugins.CorePlugin, com.typesafe.sbt.SbtNativePackager, sbt.plugins.InteractionServicePlugin, sbt.plugins.SendEventServicePlugin, sbt.plugins.SerializersPlugin, sbt.plugins.IvyPlugin, com.typesafe.sbt.packager.universal.UniversalPlugin) not found List(play.ebean.sbt.PlayEbean, play.sbt.PlayJava, com.typesafe.play.sbt.enhancer.PlayEnhancer, play.sbt.Play, com.typesafe.sbt.packager.archetypes.JavaServerAppPackaging, play.twirl.sbt.SbtTwirl, sbt.plugins.JvmPlugin, play.sbt.PlayNettyServer, play.sbt.PlayLayoutPlugin, play.sbt.routes.RoutesCompiler, play.sbt.PlayLogback, com.typesafe.sbt.jse.SbtJsTask, com.typesafe.sbt.jshint.SbtJSHint, com.typesafe.sbt.packager.archetypes.JavaAppPackaging, sbt.plugins.JUnitXmlReportPlugin, com.typesafe.sbt.mocha.SbtMocha, com.typesafe.sbt.less.SbtLess, com.typesafe.sbt.rjs.SbtRjs, com.typesafe.sbt.jse.SbtJsEngine, com.typesafe.sbt.coffeescript.SbtCoffeeScript, sbt.plugins.BackgroundRunPlugin, com.typesafe.sbt.packager.rpm.RpmPlugin, com.typesafe.sbt.packager.windows.WindowsPlugin, com.typesafe.sbt.web.SbtWeb, com.typesafe.sbt.packager.docker.DockerPlugin, play.sbt.forkrun.PlayForkRun, com.typesafe.sbt.packager.debian.DebianPlugin, com.typesafe.sbt.digest.SbtDigest, com.typesafe.sbt.packager.linux.LinuxPlugin)
  :: sorting:: found: List(sbt.plugins.CorePlugin, com.typesafe.sbt.SbtNativePackager, sbt.plugins.InteractionServicePlugin, sbt.plugins.SendEventServicePlugin, sbt.plugins.SerializersPlugin, sbt.plugins.IvyPlugin, com.typesafe.sbt.packager.universal.UniversalPlugin, sbt.plugins.JvmPlugin, com.typesafe.sbt.packager.windows.WindowsPlugin, com.typesafe.sbt.packager.docker.DockerPlugin, com.typesafe.sbt.packager.linux.LinuxPlugin) not found List(play.ebean.sbt.PlayEbean, play.sbt.PlayJava, com.typesafe.play.sbt.enhancer.PlayEnhancer, play.sbt.Play, com.typesafe.sbt.packager.archetypes.JavaServerAppPackaging, play.twirl.sbt.SbtTwirl, play.sbt.PlayNettyServer, play.sbt.PlayLayoutPlugin, play.sbt.routes.RoutesCompiler, play.sbt.PlayLogback, com.typesafe.sbt.jse.SbtJsTask, com.typesafe.sbt.jshint.SbtJSHint, com.typesafe.sbt.packager.archetypes.JavaAppPackaging, sbt.plugins.JUnitXmlReportPlugin, com.typesafe.sbt.mocha.SbtMocha, com.typesafe.sbt.less.SbtLess, com.typesafe.sbt.rjs.SbtRjs, com.typesafe.sbt.jse.SbtJsEngine, com.typesafe.sbt.coffeescript.SbtCoffeeScript, sbt.plugins.BackgroundRunPlugin, com.typesafe.sbt.packager.rpm.RpmPlugin, com.typesafe.sbt.web.SbtWeb, play.sbt.forkrun.PlayForkRun, com.typesafe.sbt.packager.debian.DebianPlugin, com.typesafe.sbt.digest.SbtDigest)
  :: sorting:: found: List(sbt.plugins.CorePlugin, com.typesafe.sbt.SbtNativePackager, sbt.plugins.InteractionServicePlugin, sbt.plugins.SendEventServicePlugin, sbt.plugins.SerializersPlugin, sbt.plugins.IvyPlugin, com.typesafe.sbt.packager.universal.UniversalPlugin, sbt.plugins.JvmPlugin, com.typesafe.sbt.packager.windows.WindowsPlugin, com.typesafe.sbt.packager.docker.DockerPlugin, com.typesafe.sbt.packager.linux.LinuxPlugin, com.typesafe.play.sbt.enhancer.PlayEnhancer, play.twirl.sbt.SbtTwirl, play.sbt.routes.RoutesCompiler, sbt.plugins.JUnitXmlReportPlugin, sbt.plugins.BackgroundRunPlugin, com.typesafe.sbt.packager.rpm.RpmPlugin, com.typesafe.sbt.web.SbtWeb, com.typesafe.sbt.packager.debian.DebianPlugin) not found List(play.ebean.sbt.PlayEbean, play.sbt.PlayJava, play.sbt.Play, com.typesafe.sbt.packager.archetypes.JavaServerAppPackaging, play.sbt.PlayNettyServer, play.sbt.PlayLayoutPlugin, play.sbt.PlayLogback, com.typesafe.sbt.jse.SbtJsTask, com.typesafe.sbt.jshint.SbtJSHint, com.typesafe.sbt.packager.archetypes.JavaAppPackaging, com.typesafe.sbt.mocha.SbtMocha, com.typesafe.sbt.less.SbtLess, com.typesafe.sbt.rjs.SbtRjs, com.typesafe.sbt.jse.SbtJsEngine, com.typesafe.sbt.coffeescript.SbtCoffeeScript, play.sbt.forkrun.PlayForkRun, com.typesafe.sbt.digest.SbtDigest)
  :: sorting:: found: List(sbt.plugins.CorePlugin, com.typesafe.sbt.SbtNativePackager, sbt.plugins.InteractionServicePlugin, sbt.plugins.SendEventServicePlugin, sbt.plugins.SerializersPlugin, sbt.plugins.IvyPlugin, com.typesafe.sbt.packager.universal.UniversalPlugin, sbt.plugins.JvmPlugin, com.typesafe.sbt.packager.windows.WindowsPlugin, com.typesafe.sbt.packager.docker.DockerPlugin, com.typesafe.sbt.packager.linux.LinuxPlugin, com.typesafe.play.sbt.enhancer.PlayEnhancer, play.twirl.sbt.SbtTwirl, play.sbt.routes.RoutesCompiler, sbt.plugins.JUnitXmlReportPlugin, sbt.plugins.BackgroundRunPlugin, com.typesafe.sbt.packager.rpm.RpmPlugin, com.typesafe.sbt.web.SbtWeb, com.typesafe.sbt.packager.debian.DebianPlugin, play.ebean.sbt.PlayEbean, com.typesafe.sbt.packager.archetypes.JavaAppPackaging, com.typesafe.sbt.jse.SbtJsEngine, com.typesafe.sbt.digest.SbtDigest) not found List(play.sbt.PlayJava, play.sbt.Play, com.typesafe.sbt.packager.archetypes.JavaServerAppPackaging, play.sbt.PlayNettyServer, play.sbt.PlayLayoutPlugin, play.sbt.PlayLogback, com.typesafe.sbt.jse.SbtJsTask, com.typesafe.sbt.jshint.SbtJSHint, com.typesafe.sbt.mocha.SbtMocha, com.typesafe.sbt.less.SbtLess, com.typesafe.sbt.rjs.SbtRjs, com.typesafe.sbt.coffeescript.SbtCoffeeScript, play.sbt.forkrun.PlayForkRun)
  :: sorting:: found: List(sbt.plugins.CorePlugin, com.typesafe.sbt.SbtNativePackager, sbt.plugins.InteractionServicePlugin, sbt.plugins.SendEventServicePlugin, sbt.plugins.SerializersPlugin, sbt.plugins.IvyPlugin, com.typesafe.sbt.packager.universal.UniversalPlugin, sbt.plugins.JvmPlugin, com.typesafe.sbt.packager.windows.WindowsPlugin, com.typesafe.sbt.packager.docker.DockerPlugin, com.typesafe.sbt.packager.linux.LinuxPlugin, com.typesafe.play.sbt.enhancer.PlayEnhancer, play.twirl.sbt.SbtTwirl, play.sbt.routes.RoutesCompiler, sbt.plugins.JUnitXmlReportPlugin, sbt.plugins.BackgroundRunPlugin, com.typesafe.sbt.packager.rpm.RpmPlugin, com.typesafe.sbt.web.SbtWeb, com.typesafe.sbt.packager.debian.DebianPlugin, play.ebean.sbt.PlayEbean, com.typesafe.sbt.packager.archetypes.JavaAppPackaging, com.typesafe.sbt.jse.SbtJsEngine, com.typesafe.sbt.digest.SbtDigest, com.typesafe.sbt.packager.archetypes.JavaServerAppPackaging, com.typesafe.sbt.jse.SbtJsTask) not found List(play.sbt.PlayJava, play.sbt.Play, play.sbt.PlayNettyServer, play.sbt.PlayLayoutPlugin, play.sbt.PlayLogback, com.typesafe.sbt.jshint.SbtJSHint, com.typesafe.sbt.mocha.SbtMocha, com.typesafe.sbt.less.SbtLess, com.typesafe.sbt.rjs.SbtRjs, com.typesafe.sbt.coffeescript.SbtCoffeeScript, play.sbt.forkrun.PlayForkRun)
  :: sorting:: found: List(sbt.plugins.CorePlugin, com.typesafe.sbt.SbtNativePackager, sbt.plugins.InteractionServicePlugin, sbt.plugins.SendEventServicePlugin, sbt.plugins.SerializersPlugin, sbt.plugins.IvyPlugin, com.typesafe.sbt.packager.universal.UniversalPlugin, sbt.plugins.JvmPlugin, com.typesafe.sbt.packager.windows.WindowsPlugin, com.typesafe.sbt.packager.docker.DockerPlugin, com.typesafe.sbt.packager.linux.LinuxPlugin, com.typesafe.play.sbt.enhancer.PlayEnhancer, play.twirl.sbt.SbtTwirl, play.sbt.routes.RoutesCompiler, sbt.plugins.JUnitXmlReportPlugin, sbt.plugins.BackgroundRunPlugin, com.typesafe.sbt.packager.rpm.RpmPlugin, com.typesafe.sbt.web.SbtWeb, com.typesafe.sbt.packager.debian.DebianPlugin, play.ebean.sbt.PlayEbean, com.typesafe.sbt.packager.archetypes.JavaAppPackaging, com.typesafe.sbt.jse.SbtJsEngine, com.typesafe.sbt.digest.SbtDigest, com.typesafe.sbt.packager.archetypes.JavaServerAppPackaging, com.typesafe.sbt.jse.SbtJsTask, play.sbt.Play, com.typesafe.sbt.jshint.SbtJSHint, com.typesafe.sbt.mocha.SbtMocha, com.typesafe.sbt.less.SbtLess, com.typesafe.sbt.rjs.SbtRjs, com.typesafe.sbt.coffeescript.SbtCoffeeScript) not found List(play.sbt.PlayJava, play.sbt.PlayNettyServer, play.sbt.PlayLayoutPlugin, play.sbt.PlayLogback, play.sbt.forkrun.PlayForkRun)
  :: sorting:: found: List(sbt.plugins.CorePlugin, com.typesafe.sbt.SbtNativePackager, sbt.plugins.InteractionServicePlugin, sbt.plugins.SendEventServicePlugin, sbt.plugins.SerializersPlugin, sbt.plugins.IvyPlugin, com.typesafe.sbt.packager.universal.UniversalPlugin, sbt.plugins.JvmPlugin, com.typesafe.sbt.packager.windows.WindowsPlugin, com.typesafe.sbt.packager.docker.DockerPlugin, com.typesafe.sbt.packager.linux.LinuxPlugin, com.typesafe.play.sbt.enhancer.PlayEnhancer, play.twirl.sbt.SbtTwirl, play.sbt.routes.RoutesCompiler, sbt.plugins.JUnitXmlReportPlugin, sbt.plugins.BackgroundRunPlugin, com.typesafe.sbt.packager.rpm.RpmPlugin, com.typesafe.sbt.web.SbtWeb, com.typesafe.sbt.packager.debian.DebianPlugin, play.ebean.sbt.PlayEbean, com.typesafe.sbt.packager.archetypes.JavaAppPackaging, com.typesafe.sbt.jse.SbtJsEngine, com.typesafe.sbt.digest.SbtDigest, com.typesafe.sbt.packager.archetypes.JavaServerAppPackaging, com.typesafe.sbt.jse.SbtJsTask, play.sbt.Play, com.typesafe.sbt.jshint.SbtJSHint, com.typesafe.sbt.mocha.SbtMocha, com.typesafe.sbt.less.SbtLess, com.typesafe.sbt.rjs.SbtRjs, com.typesafe.sbt.coffeescript.SbtCoffeeScript, play.sbt.PlayJava, play.sbt.PlayNettyServer, play.sbt.PlayLayoutPlugin, play.sbt.PlayLogback, play.sbt.forkrun.PlayForkRun) not found List()
  :: sorted deduced result: List(sbt.plugins.CorePlugin, com.typesafe.sbt.SbtNativePackager, sbt.plugins.InteractionServicePlugin, sbt.plugins.SendEventServicePlugin, sbt.plugins.SerializersPlugin, sbt.plugins.IvyPlugin, com.typesafe.sbt.packager.universal.UniversalPlugin, sbt.plugins.JvmPlugin, com.typesafe.sbt.packager.windows.WindowsPlugin, com.typesafe.sbt.packager.docker.DockerPlugin, com.typesafe.sbt.packager.linux.LinuxPlugin, com.typesafe.play.sbt.enhancer.PlayEnhancer, play.twirl.sbt.SbtTwirl, play.sbt.routes.RoutesCompiler, sbt.plugins.JUnitXmlReportPlugin, sbt.plugins.BackgroundRunPlugin, com.typesafe.sbt.packager.rpm.RpmPlugin, com.typesafe.sbt.web.SbtWeb, com.typesafe.sbt.packager.debian.DebianPlugin, play.ebean.sbt.PlayEbean, com.typesafe.sbt.packager.archetypes.JavaAppPackaging, com.typesafe.sbt.jse.SbtJsEngine, com.typesafe.sbt.digest.SbtDigest, com.typesafe.sbt.packager.archetypes.JavaServerAppPackaging, com.typesafe.sbt.jse.SbtJsTask, play.sbt.Play, com.typesafe.sbt.jshint.SbtJSHint, com.typesafe.sbt.mocha.SbtMocha, com.typesafe.sbt.less.SbtLess, com.typesafe.sbt.rjs.SbtRjs, com.typesafe.sbt.coffeescript.SbtCoffeeScript, play.sbt.PlayJava, play.sbt.PlayNettyServer, play.sbt.PlayLayoutPlugin, play.sbt.PlayLogback, play.sbt.forkrun.PlayForkRun)
[Loading] Done in C:\Users\Martin\dp\masarykac, returning: (root)
Set current project to masarykac (in build file:/C:/Users/Martin/dp/masarykac/)
Reapplying settings...
Set current project to masarykac (in build file:/C:/Users/Martin/dp/masarykac/)
> iflast shell
> server-send-ready-for-request
> server-handle-next-server-request
> {file:/C:/Users/Martin/dp/masarykac/}root/compile:discoveredMainClasses
Evaluating tasks: compile:discoveredMainClasses
Running task... Cancel: sbt.server.ServerTaskCancellation@33275c56, check cycles: false

Initial source changes: 
	removed:Set()
	added: Set(C:\Users\Martin\dp\masarykac\app\models\GroupFieldsOfStudy.java)
	modified: Set(C:\Users\Martin\dp\masarykac\app\models\Courses.java, C:\Users\Martin\dp\masarykac\app\models\FieldsOfStudy.java, C:\Users\Martin\dp\masarykac\app\models\Employees.java, C:\Users\Martin\dp\masarykac\app\models\Teachers.java, C:\Users\Martin\dp\masarykac\app\models\Semesters.java, C:\Users\Martin\dp\masarykac\app\models\StudyPlans.java, C:\Users\Martin\dp\masarykac\app\models\Subjects.java, C:\Users\Martin\dp\masarykac\app\models\StudyGroups.java, C:\Users\Martin\dp\masarykac\app\models\Schedule.java, C:\Users\Martin\dp\masarykac\app\models\ScheduleInWeeks.java)
Removed products: Set()
External API changes: API Changes: Set()
Modified binary dependencies: Set()
Initial directly invalidated sources: Set(C:\Users\Martin\dp\masarykac\app\models\Courses.java, C:\Users\Martin\dp\masarykac\app\models\FieldsOfStudy.java, C:\Users\Martin\dp\masarykac\app\models\Employees.java, C:\Users\Martin\dp\masarykac\app\models\Teachers.java, C:\Users\Martin\dp\masarykac\app\models\Semesters.java, C:\Users\Martin\dp\masarykac\app\models\StudyPlans.java, C:\Users\Martin\dp\masarykac\app\models\Subjects.java, C:\Users\Martin\dp\masarykac\app\models\GroupFieldsOfStudy.java, C:\Users\Martin\dp\masarykac\app\models\StudyGroups.java, C:\Users\Martin\dp\masarykac\app\models\Schedule.java, C:\Users\Martin\dp\masarykac\app\models\ScheduleInWeeks.java)

Sources indirectly invalidated by:
	product: Set()
	binary dep: Set()
	external source: Set()
All initially invalidated sources: Set(C:\Users\Martin\dp\masarykac\app\models\Courses.java, C:\Users\Martin\dp\masarykac\app\models\FieldsOfStudy.java, C:\Users\Martin\dp\masarykac\app\models\Employees.java, C:\Users\Martin\dp\masarykac\app\models\Teachers.java, C:\Users\Martin\dp\masarykac\app\models\Semesters.java, C:\Users\Martin\dp\masarykac\app\models\StudyPlans.java, C:\Users\Martin\dp\masarykac\app\models\Subjects.java, C:\Users\Martin\dp\masarykac\app\models\GroupFieldsOfStudy.java, C:\Users\Martin\dp\masarykac\app\models\StudyGroups.java, C:\Users\Martin\dp\masarykac\app\models\Schedule.java, C:\Users\Martin\dp\masarykac\app\models\ScheduleInWeeks.java)

Read from stdout: Compiling 11 Java sources to C:\Users\Martin\dp\masarykac\target\scala-2.11\classes...
Compiling 11 Java sources to C:\Users\Martin\dp\masarykac\target\scala-2.11\classes...
Attempting to call com.sun.tools.javac.api.JavacTool@1d7967cb directly...
Java compilation took 0.702744693 s
Java analysis took 0.53201643 s
Java compile + analysis took 1.282301452 s
Invalidating C:\Users\Martin\dp\masarykac\app\models\Employees.java...
Invalidating (transitively) by inheritance from C:\Users\Martin\dp\masarykac\app\models\Employees.java...
Initial set of included nodes: Set(C:\Users\Martin\dp\masarykac\app\models\Employees.java)
Invalidated by transitive inheritance dependency: Set(C:\Users\Martin\dp\masarykac\app\models\Employees.java)
The C:\Users\Martin\dp\masarykac\app\models\Employees.java source file has the following regular definitions changed:
	setTitleAfter, setPersonalNumber, getTitleAfter, teachers, setTitleBefore, getSurname, setSurname, getTitleBefore, <init>, getFirstName, setFirstName, getPersonalNumber.
All member reference dependencies will be considered within this context.
Name hashing optimization doesn't apply to non-Scala dependency: C:\Users\Martin\dp\masarykac\app\models\Employees.java
Name hashing optimization doesn't apply to non-Scala dependency: C:\Users\Martin\dp\masarykac\app\models\Teachers.java
Invalidating C:\Users\Martin\dp\masarykac\app\models\StudyPlans.java...
Invalidating (transitively) by inheritance from C:\Users\Martin\dp\masarykac\app\models\StudyPlans.java...
Initial set of included nodes: Set(C:\Users\Martin\dp\masarykac\app\models\StudyPlans.java)
Invalidated by transitive inheritance dependency: Set(C:\Users\Martin\dp\masarykac\app\models\StudyPlans.java)
The C:\Users\Martin\dp\masarykac\app\models\StudyPlans.java source file has the following regular definitions changed:
	setGroupFieldOfStudy, subjects, setIdent, semesterEntry, getFieldOfStudy, semesters, fieldsOfStudy, setSemesterEntry, getStudyGroup, groupFieldOfStudy, studyGroups, setSemester, <init>, ident, getSemesterEntry, fieldOfStudy, setFieldOfStudy, setStudyGroup, getSemester, studyGroup, groupFieldsOfStudy, getGroupFieldOfStudy, getIdent.
All member reference dependencies will be considered within this context.
Name hashing optimization doesn't apply to non-Scala dependency: C:\Users\Martin\dp\masarykac\app\models\StudyPlans.java
Invalidating C:\Users\Martin\dp\masarykac\app\models\ScheduleInWeeks.java...
Invalidating (transitively) by inheritance from C:\Users\Martin\dp\masarykac\app\models\ScheduleInWeeks.java...
Initial set of included nodes: Set(C:\Users\Martin\dp\masarykac\app\models\ScheduleInWeeks.java)
Invalidated by transitive inheritance dependency: Set(C:\Users\Martin\dp\masarykac\app\models\ScheduleInWeeks.java)
The C:\Users\Martin\dp\masarykac\app\models\ScheduleInWeeks.java source file has the following regular definitions changed:
	schedule.
All member reference dependencies will be considered within this context.
Name hashing optimization doesn't apply to non-Scala dependency: C:\Users\Martin\dp\masarykac\app\models\ScheduleInWeeks.java
Invalidating C:\Users\Martin\dp\masarykac\app\models\Subjects.java...
Invalidating (transitively) by inheritance from C:\Users\Martin\dp\masarykac\app\models\Subjects.java...
Initial set of included nodes: Set(C:\Users\Martin\dp\masarykac\app\models\Subjects.java)
Invalidated by transitive inheritance dependency: Set(C:\Users\Martin\dp\masarykac\app\models\Subjects.java)
The C:\Users\Martin\dp\masarykac\app\models\Subjects.java source file has the following regular definitions changed:
	getHoursC, setClassifiedCredit, setDepartment, setHoursP, setHoursC, setIdent, setFormPresentation, setCredits, getHoursP, isExam, setTitleA, courses, isCredit, <init>, isFormPresentation, setFormCombined, setIdentOld, getTitleA, getHoursSemester, setCredit, setExam, getIdentOld, setTitleC, isFormCombined, studyPlans, setHoursSemester, isClassifiedCredit, getCredits, getDepartment, getTitleC, getIdent.
All member reference dependencies will be considered within this context.
Name hashing optimization doesn't apply to non-Scala dependency: C:\Users\Martin\dp\masarykac\app\models\Courses.java
Name hashing optimization doesn't apply to non-Scala dependency: C:\Users\Martin\dp\masarykac\app\models\StudyPlans.java
Name hashing optimization doesn't apply to non-Scala dependency: C:\Users\Martin\dp\masarykac\app\models\Subjects.java
Invalidating C:\Users\Martin\dp\masarykac\app\models\FieldsOfStudy.java...
Invalidating (transitively) by inheritance from C:\Users\Martin\dp\masarykac\app\models\FieldsOfStudy.java...
Initial set of included nodes: Set(C:\Users\Martin\dp\masarykac\app\models\FieldsOfStudy.java)
Invalidated by transitive inheritance dependency: Set(C:\Users\Martin\dp\masarykac\app\models\FieldsOfStudy.java)
The C:\Users\Martin\dp\masarykac\app\models\FieldsOfStudy.java source file has the following regular definitions changed:
	getFieldOfStudy, setStudy, setFormOfTeaching, <init>, setFieldOfStudyV, getFormOfTeaching, language, getLanguage, fieldOfStudy, getStudy, getFieldOfStudyV, setLanguage, setFieldOfStudy, fieldsOfStudyLanguage, studyPlans.
All member reference dependencies will be considered within this context.
Name hashing optimization doesn't apply to non-Scala dependency: C:\Users\Martin\dp\masarykac\app\models\StudyPlans.java
Name hashing optimization doesn't apply to non-Scala dependency: C:\Users\Martin\dp\masarykac\app\models\FieldsOfStudy.java
Invalidating C:\Users\Martin\dp\masarykac\app\models\Schedule.java...
Invalidating (transitively) by inheritance from C:\Users\Martin\dp\masarykac\app\models\Schedule.java...
Initial set of included nodes: Set(C:\Users\Martin\dp\masarykac\app\models\Schedule.java)
Invalidated by transitive inheritance dependency: Set(C:\Users\Martin\dp\masarykac\app\models\Schedule.java)
The C:\Users\Martin\dp\masarykac\app\models\Schedule.java source file has the following regular definitions changed:
	semester, dateTo, course, classroom, scheduleInWeeks, courses, ident, dateFrom, day.
All member reference dependencies will be considered within this context.
Name hashing optimization doesn't apply to non-Scala dependency: C:\Users\Martin\dp\masarykac\app\models\ScheduleInWeeks.java
Name hashing optimization doesn't apply to non-Scala dependency: C:\Users\Martin\dp\masarykac\app\models\Schedule.java
Invalidating C:\Users\Martin\dp\masarykac\app\models\GroupFieldsOfStudy.java...
Invalidating (transitively) by inheritance from C:\Users\Martin\dp\masarykac\app\models\GroupFieldsOfStudy.java...
Initial set of included nodes: Set(C:\Users\Martin\dp\masarykac\app\models\GroupFieldsOfStudy.java)
Invalidated by transitive inheritance dependency: Set(C:\Users\Martin\dp\masarykac\app\models\GroupFieldsOfStudy.java)
The C:\Users\Martin\dp\masarykac\app\models\GroupFieldsOfStudy.java source file has the following regular definitions changed:
	notify, find, refresh, findFutureRowCount, nextId, wait, Model$Find, fieldOfStudyV, formOfTeaching, setId, insert, equals, markPropertyUnset, serverName, findEachWhile, all, findEach, setReadOnly, Model$Finder, db, query, ref, findPagedList, setAutoTune, setQuery, byId, notifyAll, setUseQueryCache, filter, setRawSql, select, getExpressionFactory, setUseCache, <init>, id, on, apply, findSet, groupFieldsOfStudyLanguage, order, findRowCount, orderBy, setMaxRows, delete, findIds, fetch, setLoadBeanCache, toString, markAsDirty, where, setFirstRow, getClass, update, type, studyPlans, save, study, findList, setForUpdate, hashCode, deleteById, findMap, GroupFieldsOfStudy.
All member reference dependencies will be considered within this context.
Name hashing optimization doesn't apply to non-Scala dependency: C:\Users\Martin\dp\masarykac\app\models\StudyPlans.java
Name hashing optimization doesn't apply to non-Scala dependency: C:\Users\Martin\dp\masarykac\app\models\GroupFieldsOfStudy.java
Invalidating C:\Users\Martin\dp\masarykac\app\models\StudyGroups.java...
Invalidating (transitively) by inheritance from C:\Users\Martin\dp\masarykac\app\models\StudyGroups.java...
Initial set of included nodes: Set(C:\Users\Martin\dp\masarykac\app\models\StudyGroups.java)
Invalidated by transitive inheritance dependency: Set(C:\Users\Martin\dp\masarykac\app\models\StudyGroups.java)
The C:\Users\Martin\dp\masarykac\app\models\StudyGroups.java source file has the following regular definitions changed:
	studyPlans, studyGroup, note, studyGroupsNote.
All member reference dependencies will be considered within this context.
Name hashing optimization doesn't apply to non-Scala dependency: C:\Users\Martin\dp\masarykac\app\models\StudyPlans.java
Name hashing optimization doesn't apply to non-Scala dependency: C:\Users\Martin\dp\masarykac\app\models\StudyGroups.java
Invalidating C:\Users\Martin\dp\masarykac\app\models\Courses.java...
Invalidating (transitively) by inheritance from C:\Users\Martin\dp\masarykac\app\models\Courses.java...
Initial set of included nodes: Set(C:\Users\Martin\dp\masarykac\app\models\Courses.java)
Invalidated by transitive inheritance dependency: Set(C:\Users\Martin\dp\masarykac\app\models\Courses.java)
The C:\Users\Martin\dp\masarykac\app\models\Courses.java source file has the following regular definitions changed:
	semester, course, subjects, teachers, ident, schedule, numberOfStudents.
All member reference dependencies will be considered within this context.
Name hashing optimization doesn't apply to non-Scala dependency: C:\Users\Martin\dp\masarykac\app\models\Courses.java
Name hashing optimization doesn't apply to non-Scala dependency: C:\Users\Martin\dp\masarykac\app\models\Schedule.java
Name hashing optimization doesn't apply to non-Scala dependency: C:\Users\Martin\dp\masarykac\app\models\Teachers.java
Invalidating C:\Users\Martin\dp\masarykac\app\models\Semesters.java...
Invalidating (transitively) by inheritance from C:\Users\Martin\dp\masarykac\app\models\Semesters.java...
Initial set of included nodes: Set(C:\Users\Martin\dp\masarykac\app\models\Semesters.java)
Invalidated by transitive inheritance dependency: Set(C:\Users\Martin\dp\masarykac\app\models\Semesters.java)
The C:\Users\Martin\dp\masarykac\app\models\Semesters.java source file has the following regular definitions changed:
	semester, studyPlans.
All member reference dependencies will be considered within this context.
Name hashing optimization doesn't apply to non-Scala dependency: C:\Users\Martin\dp\masarykac\app\models\Semesters.java
Name hashing optimization doesn't apply to non-Scala dependency: C:\Users\Martin\dp\masarykac\app\models\StudyPlans.java
Invalidating C:\Users\Martin\dp\masarykac\app\models\Teachers.java...
Invalidating (transitively) by inheritance from C:\Users\Martin\dp\masarykac\app\models\Teachers.java...
Initial set of included nodes: Set(C:\Users\Martin\dp\masarykac\app\models\Teachers.java)
Invalidated by transitive inheritance dependency: Set(C:\Users\Martin\dp\masarykac\app\models\Teachers.java)
The C:\Users\Martin\dp\masarykac\app\models\Teachers.java source file has the following regular definitions changed:
	semester, course, employees, courses, ident, employeesPersonalNumber.
All member reference dependencies will be considered within this context.
Name hashing optimization doesn't apply to non-Scala dependency: C:\Users\Martin\dp\masarykac\app\models\Teachers.java
New invalidations:
	Set()
Initial set of included nodes: Set()
Previously invalidated, but (transitively) depend on new invalidations:
	Set()
All newly invalidated sources after taking into account (previously) recompiled sources:Set()
Total time: 4 s, completed 14.3.2017 20:45:49
> server-post-command-cleanup
> server-handle-next-server-request
> {file:/C:/Users/Martin/dp/masarykac/}root/compile:mainClass
Evaluating tasks: compile:mainClass
Running task... Cancel: sbt.server.ServerTaskCancellation@67a8ecea, check cycles: false
Total time: 0 s, completed 14.3.2017 20:45:49
> server-post-command-cleanup
> server-handle-next-server-request
> {file:/C:/Users/Martin/dp/masarykac/}root/compile:discoveredMainClasses
Evaluating tasks: compile:discoveredMainClasses
Running task... Cancel: sbt.server.ServerTaskCancellation@55b31bd3, check cycles: false

Initial source changes: 
	removed:Set()
	added: Set()
	modified: Set()
Removed products: Set()
External API changes: API Changes: Set()
Modified binary dependencies: Set()
Initial directly invalidated sources: Set()

Sources indirectly invalidated by:
	product: Set()
	binary dep: Set()
	external source: Set()
All initially invalidated sources: Set()

Total time: 1 s, completed 14.3.2017 20:45:50
> server-post-command-cleanup
> server-handle-next-server-request
> {file:/C:/Users/Martin/dp/masarykac/}root/compile:mainClass
Evaluating tasks: compile:mainClass
Running task... Cancel: sbt.server.ServerTaskCancellation@24ba9062, check cycles: false
Total time: 0 s, completed 14.3.2017 20:45:50
> server-post-command-cleanup
> server-handle-next-server-request
> backgroundRun
Evaluating tasks: compile:backgroundRun
Running task... Cancel: sbt.server.ServerTaskCancellation@40cc734, check cycles: false
Total time: 0 s, completed 14.3.2017 20:46:19
> server-post-command-cleanup
> server-handle-next-server-request
> {file:/C:/Users/Martin/dp/masarykac/}root/*:playForkConfig
Evaluating tasks: *:playForkConfig
Running task... Cancel: sbt.server.ServerTaskCancellation@7d150ed5, check cycles: false
Total time: 1 s, completed 14.3.2017 20:46:22
> server-post-command-cleanup
> server-handle-next-server-request
> root/playForkNotifyStart http://localhost:9000
Evaluating tasks: *:playForkNotifyStart
Running task... Cancel: sbt.server.ServerTaskCancellation@729b09f0, check cycles: false
Total time: 0 s, completed 14.3.2017 20:46:24
> server-post-command-cleanup
> server-handle-next-server-request
> {file:/C:/Users/Martin/dp/masarykac/}root/*:playForkReload
Evaluating tasks: *:playForkReload
Running task... Cancel: sbt.server.ServerTaskCancellation@59e1c025, check cycles: false

Initial source changes: 
	removed:Set()
	added: Set()
	modified: Set()
Removed products: Set()
External API changes: API Changes: Set()
Modified binary dependencies: Set()
Initial directly invalidated sources: Set()

Sources indirectly invalidated by:
	product: Set()
	binary dep: Set()
	external source: Set()
All initially invalidated sources: Set()

Copy resource mappings: 
	(C:\Users\Martin\dp\masarykac\conf\application.conf,C:\Users\Martin\dp\masarykac\target\scala-2.11\classes\application.conf)
	(C:\Users\Martin\dp\masarykac\conf\evolutions,C:\Users\Martin\dp\masarykac\target\scala-2.11\classes\evolutions)
	(C:\Users\Martin\dp\masarykac\conf\fonts,C:\Users\Martin\dp\masarykac\target\scala-2.11\classes\fonts)
	(C:\Users\Martin\dp\masarykac\conf\resources,C:\Users\Martin\dp\masarykac\target\scala-2.11\classes\resources)
	(C:\Users\Martin\dp\masarykac\conf\routes,C:\Users\Martin\dp\masarykac\target\scala-2.11\classes\routes)
	(C:\Users\Martin\dp\masarykac\conf\evolutions\default,C:\Users\Martin\dp\masarykac\target\scala-2.11\classes\evolutions\default)
	(C:\Users\Martin\dp\masarykac\conf\evolutions\default\1.sql,C:\Users\Martin\dp\masarykac\target\scala-2.11\classes\evolutions\default\1.sql)
	(C:\Users\Martin\dp\masarykac\conf\fonts\OpenSans-Bold.ttf,C:\Users\Martin\dp\masarykac\target\scala-2.11\classes\fonts\OpenSans-Bold.ttf)
	(C:\Users\Martin\dp\masarykac\conf\fonts\OpenSans-BoldItalic.ttf,C:\Users\Martin\dp\masarykac\target\scala-2.11\classes\fonts\OpenSans-BoldItalic.ttf)
	(C:\Users\Martin\dp\masarykac\conf\fonts\OpenSans-Italic.ttf,C:\Users\Martin\dp\masarykac\target\scala-2.11\classes\fonts\OpenSans-Italic.ttf)
	(C:\Users\Martin\dp\masarykac\conf\fonts\OpenSans-Regular.ttf,C:\Users\Martin\dp\masarykac\target\scala-2.11\classes\fonts\OpenSans-Regular.ttf)
	(C:\Users\Martin\dp\masarykac\conf\fonts\osifont.ttf,C:\Users\Martin\dp\masarykac\target\scala-2.11\classes\fonts\osifont.ttf)
	(C:\Users\Martin\dp\masarykac\conf\fonts\Technika-Regular.ttf,C:\Users\Martin\dp\masarykac\target\scala-2.11\classes\fonts\Technika-Regular.ttf)
	(C:\Users\Martin\dp\masarykac\conf\resources\fonts,C:\Users\Martin\dp\masarykac\target\scala-2.11\classes\resources\fonts)
	(C:\Users\Martin\dp\masarykac\conf\resources\fonts\Technika-Regular.ttf,C:\Users\Martin\dp\masarykac\target\scala-2.11\classes\resources\fonts\Technika-Regular.ttf)
Total time: 2 s, completed 14.3.2017 20:47:14
> server-post-command-cleanup
> server-handle-next-server-request
> {file:/C:/Users/Martin/dp/masarykac/}root/*:playForkReload
Evaluating tasks: *:playForkReload
Running task... Cancel: sbt.server.ServerTaskCancellation@7fab240d, check cycles: false

Initial source changes: 
	removed:Set()
	added: Set()
	modified: Set()
Removed products: Set()
External API changes: API Changes: Set()
Modified binary dependencies: Set()
Initial directly invalidated sources: Set()

Sources indirectly invalidated by:
	product: Set()
	binary dep: Set()
	external source: Set()
All initially invalidated sources: Set()

Copy resource mappings: 
	(C:\Users\Martin\dp\masarykac\conf\application.conf,C:\Users\Martin\dp\masarykac\target\scala-2.11\classes\application.conf)
	(C:\Users\Martin\dp\masarykac\conf\evolutions,C:\Users\Martin\dp\masarykac\target\scala-2.11\classes\evolutions)
	(C:\Users\Martin\dp\masarykac\conf\fonts,C:\Users\Martin\dp\masarykac\target\scala-2.11\classes\fonts)
	(C:\Users\Martin\dp\masarykac\conf\resources,C:\Users\Martin\dp\masarykac\target\scala-2.11\classes\resources)
	(C:\Users\Martin\dp\masarykac\conf\routes,C:\Users\Martin\dp\masarykac\target\scala-2.11\classes\routes)
	(C:\Users\Martin\dp\masarykac\conf\evolutions\default,C:\Users\Martin\dp\masarykac\target\scala-2.11\classes\evolutions\default)
	(C:\Users\Martin\dp\masarykac\conf\evolutions\default\1.sql,C:\Users\Martin\dp\masarykac\target\scala-2.11\classes\evolutions\default\1.sql)
	(C:\Users\Martin\dp\masarykac\conf\fonts\OpenSans-Bold.ttf,C:\Users\Martin\dp\masarykac\target\scala-2.11\classes\fonts\OpenSans-Bold.ttf)
	(C:\Users\Martin\dp\masarykac\conf\fonts\OpenSans-BoldItalic.ttf,C:\Users\Martin\dp\masarykac\target\scala-2.11\classes\fonts\OpenSans-BoldItalic.ttf)
	(C:\Users\Martin\dp\masarykac\conf\fonts\OpenSans-Italic.ttf,C:\Users\Martin\dp\masarykac\target\scala-2.11\classes\fonts\OpenSans-Italic.ttf)
	(C:\Users\Martin\dp\masarykac\conf\fonts\OpenSans-Regular.ttf,C:\Users\Martin\dp\masarykac\target\scala-2.11\classes\fonts\OpenSans-Regular.ttf)
	(C:\Users\Martin\dp\masarykac\conf\fonts\osifont.ttf,C:\Users\Martin\dp\masarykac\target\scala-2.11\classes\fonts\osifont.ttf)
	(C:\Users\Martin\dp\masarykac\conf\fonts\Technika-Regular.ttf,C:\Users\Martin\dp\masarykac\target\scala-2.11\classes\fonts\Technika-Regular.ttf)
	(C:\Users\Martin\dp\masarykac\conf\resources\fonts,C:\Users\Martin\dp\masarykac\target\scala-2.11\classes\resources\fonts)
	(C:\Users\Martin\dp\masarykac\conf\resources\fonts\Technika-Regular.ttf,C:\Users\Martin\dp\masarykac\target\scala-2.11\classes\resources\fonts\Technika-Regular.ttf)
Total time: 2 s, completed 14.3.2017 20:47:18
> server-post-command-cleanup
> server-handle-next-server-request
> {file:/C:/Users/Martin/dp/masarykac/}root/*:playForkReload
Evaluating tasks: *:playForkReload
Running task... Cancel: sbt.server.ServerTaskCancellation@2576d1f9, check cycles: false

Initial source changes: 
	removed:Set()
	added: Set()
	modified: Set()
Removed products: Set()
External API changes: API Changes: Set()
Modified binary dependencies: Set()
Initial directly invalidated sources: Set()

Sources indirectly invalidated by:
	product: Set()
	binary dep: Set()
	external source: Set()
All initially invalidated sources: Set()

Copy resource mappings: 
	(C:\Users\Martin\dp\masarykac\conf\application.conf,C:\Users\Martin\dp\masarykac\target\scala-2.11\classes\application.conf)
	(C:\Users\Martin\dp\masarykac\conf\evolutions,C:\Users\Martin\dp\masarykac\target\scala-2.11\classes\evolutions)
	(C:\Users\Martin\dp\masarykac\conf\fonts,C:\Users\Martin\dp\masarykac\target\scala-2.11\classes\fonts)
	(C:\Users\Martin\dp\masarykac\conf\resources,C:\Users\Martin\dp\masarykac\target\scala-2.11\classes\resources)
	(C:\Users\Martin\dp\masarykac\conf\routes,C:\Users\Martin\dp\masarykac\target\scala-2.11\classes\routes)
	(C:\Users\Martin\dp\masarykac\conf\evolutions\default,C:\Users\Martin\dp\masarykac\target\scala-2.11\classes\evolutions\default)
	(C:\Users\Martin\dp\masarykac\conf\evolutions\default\1.sql,C:\Users\Martin\dp\masarykac\target\scala-2.11\classes\evolutions\default\1.sql)
	(C:\Users\Martin\dp\masarykac\conf\fonts\OpenSans-Bold.ttf,C:\Users\Martin\dp\masarykac\target\scala-2.11\classes\fonts\OpenSans-Bold.ttf)
	(C:\Users\Martin\dp\masarykac\conf\fonts\OpenSans-BoldItalic.ttf,C:\Users\Martin\dp\masarykac\target\scala-2.11\classes\fonts\OpenSans-BoldItalic.ttf)
	(C:\Users\Martin\dp\masarykac\conf\fonts\OpenSans-Italic.ttf,C:\Users\Martin\dp\masarykac\target\scala-2.11\classes\fonts\OpenSans-Italic.ttf)
	(C:\Users\Martin\dp\masarykac\conf\fonts\OpenSans-Regular.ttf,C:\Users\Martin\dp\masarykac\target\scala-2.11\classes\fonts\OpenSans-Regular.ttf)
	(C:\Users\Martin\dp\masarykac\conf\fonts\osifont.ttf,C:\Users\Martin\dp\masarykac\target\scala-2.11\classes\fonts\osifont.ttf)
	(C:\Users\Martin\dp\masarykac\conf\fonts\Technika-Regular.ttf,C:\Users\Martin\dp\masarykac\target\scala-2.11\classes\fonts\Technika-Regular.ttf)
	(C:\Users\Martin\dp\masarykac\conf\resources\fonts,C:\Users\Martin\dp\masarykac\target\scala-2.11\classes\resources\fonts)
	(C:\Users\Martin\dp\masarykac\conf\resources\fonts\Technika-Regular.ttf,C:\Users\Martin\dp\masarykac\target\scala-2.11\classes\resources\fonts\Technika-Regular.ttf)
Total time: 1 s, completed 14.3.2017 20:47:28
> server-post-command-cleanup
> server-handle-next-server-request
