New log file opened at Fri Mar 31 15:55:32 CEST 2017 by 10356@Martin-pc
jvm 10356@Martin-pc
jvm vmName=Java HotSpot(TM) 64-Bit Server VM vmVendor=Oracle Corporation vmVersion=25.25-b02
jvm specName=Java Virtual Machine Specification specVendor=Oracle Corporation specVersion=1.8
jvm arguments: [-Xms256m, -Xmx1024m, -XX:MetaspaceSize=64m, -XX:MaxMetaspaceSize=256m]
Starting event engine
Starting sbt command engine
Waiting for sbt command engine
Command engine arguments=List()
Command engine baseDirectory=C:\Users\Martin\dp\masarykac
Command engine initial remaining commands List(--initialize, onFailure load-failed, boot, server-send-ready-for-request, server-handle-next-server-request)
> --initialize
> initialize
> onFailure load-failed
> boot
> reload
[Loading] Scanning directory C:\Users\Martin\dp\masarykac\project
[Loading] Found non-root projects 
[Loading] Done in C:\Users\Martin\dp\masarykac\project, returning: ()
deducing auto plugins based on known facts Set(Atom(sbt.plugins.CorePlugin)) and clauses Clauses(List(Clause(Atom(sbt.plugins.JvmPlugin),Set(Atom(sbt.plugins.IvyPlugin))), Clause(Atom(sbt.plugins.JUnitXmlReportPlugin),Set(Atom(sbt.plugins.JvmPlugin))), Clause(Atom(sbt.plugins.CorePlugin),Set(Atom(sbt.plugins.IvyPlugin))), Clause(Atom(sbt.plugins.IvyPlugin),Set(Atom(sbt.plugins.JvmPlugin))), Clause(Atom(sbt.plugins.JvmPlugin),Set(Atom(sbt.plugins.JUnitXmlReportPlugin)))))
  :: deduced result: Matched(sbt.plugins.CorePlugin,sbt.plugins.IvyPlugin,sbt.plugins.JvmPlugin,sbt.plugins.JUnitXmlReportPlugin)
sorting: ns: List(sbt.plugins.CorePlugin, sbt.plugins.IvyPlugin, sbt.plugins.JvmPlugin, sbt.plugins.JUnitXmlReportPlugin)
  :: sorting:: found: List(sbt.plugins.CorePlugin) not found List(sbt.plugins.IvyPlugin, sbt.plugins.JvmPlugin, sbt.plugins.JUnitXmlReportPlugin)
  :: sorting:: found: List(sbt.plugins.CorePlugin, sbt.plugins.IvyPlugin) not found List(sbt.plugins.JvmPlugin, sbt.plugins.JUnitXmlReportPlugin)
  :: sorting:: found: List(sbt.plugins.CorePlugin, sbt.plugins.IvyPlugin, sbt.plugins.JvmPlugin) not found List(sbt.plugins.JUnitXmlReportPlugin)
  :: sorting:: found: List(sbt.plugins.CorePlugin, sbt.plugins.IvyPlugin, sbt.plugins.JvmPlugin, sbt.plugins.JUnitXmlReportPlugin) not found List()
  :: sorted deduced result: List(sbt.plugins.CorePlugin, sbt.plugins.IvyPlugin, sbt.plugins.JvmPlugin, sbt.plugins.JUnitXmlReportPlugin)
[Loading] Done in C:\Users\Martin\dp\masarykac\project, returning: (masarykac-build)
Loading project definition from C:\Users\Martin\dp\masarykac\project
Running task... Cancel: sbt.TaskCancellationStrategy$Null$@4628f524, check cycles: false

Initial source changes: 
	removed:Set()
	added: Set()
	modified: Set()
Removed products: Set()
External API changes: API Changes: Set()
Modified binary dependencies: Set()
Initial directly invalidated sources: Set()

Sources indirectly invalidated by:
	product: Set()
	binary dep: Set()
	external source: Set()
All initially invalidated sources: Set()

Copy resource mappings: 
	
[Loading] Scanning directory C:\Users\Martin\dp\masarykac
[Loading] Found root project root w/ remaining 
deducing auto plugins based on known facts Set(Atom(play.sbt.PlayJava), Atom(play.ebean.sbt.PlayEbean), Atom(sbt.plugins.CorePlugin)) and clauses Clauses(List(Clause(Atom(sbt.plugins.JvmPlugin),Set(Atom(sbt.plugins.IvyPlugin))), Clause(Atom(sbt.plugins.JUnitXmlReportPlugin),Set(Atom(sbt.plugins.JvmPlugin))), Clause(Atom(play.sbt.forkrun.PlayForkRun),Set(Atom(sbt.plugins.BackgroundRunPlugin))), Clause(Atom(play.sbt.forkrun.PlayForkRun),Set(Atom(play.sbt.Play))), Clause(Atom(play.sbt.forkrun.PlayForkRun),Set(Atom(sbt.plugins.SerializersPlugin))), Clause(Atom(play.sbt.Play),Set(Atom(com.typesafe.sbt.packager.archetypes.JavaServerAppPackaging))), Clause(Atom(play.sbt.Play),Set(Atom(play.sbt.routes.RoutesCompiler))), Clause(Atom(play.sbt.Play),Set(Atom(play.twirl.sbt.SbtTwirl))), Clause(Atom(play.sbt.Play),Set(Atom(com.typesafe.sbt.jse.SbtJsTask))), Clause(Atom(play.sbt.PlayAkkaHttpServer),Set(Atom(play.sbt.Play))), Clause(Atom(play.sbt.PlayJava),Set(Atom(play.sbt.Play))), Clause(Atom(play.sbt.PlayLayoutPlugin),Set(Atom(play.sbt.Play))), Clause(Atom(play.sbt.PlayLogback),Set(Atom(play.sbt.Play))), Clause(Atom(play.sbt.PlayNettyServer),Set(Atom(play.sbt.Play))), Clause(Atom(play.sbt.PlayScala),Set(Atom(play.sbt.Play))), Clause(Atom(play.sbt.routes.RoutesCompiler),Set(Atom(sbt.plugins.JvmPlugin))), Clause(Atom(play.twirl.sbt.SbtTwirl),Set(Atom(sbt.plugins.JvmPlugin))), Clause(Atom(com.typesafe.sbt.packager.archetypes.AkkaAppPackaging),Set(Atom(com.typesafe.sbt.packager.archetypes.JavaAppPackaging))), Clause(Atom(com.typesafe.sbt.packager.archetypes.JavaAppPackaging),Set(Atom(com.typesafe.sbt.packager.windows.WindowsPlugin))), Clause(Atom(com.typesafe.sbt.packager.archetypes.JavaAppPackaging),Set(Atom(com.typesafe.sbt.packager.docker.DockerPlugin))), Clause(Atom(com.typesafe.sbt.packager.archetypes.JavaAppPackaging),Set(Atom(com.typesafe.sbt.packager.debian.DebianPlugin))), Clause(Atom(com.typesafe.sbt.packager.archetypes.JavaAppPackaging),Set(Atom(com.typesafe.sbt.packager.rpm.RpmPlugin))), Clause(Atom(com.typesafe.sbt.packager.archetypes.JavaServerAppPackaging),Set(Atom(com.typesafe.sbt.packager.archetypes.JavaAppPackaging))), Clause(Atom(com.typesafe.sbt.packager.archetypes.jar.ClasspathJarPlugin),Set(Atom(com.typesafe.sbt.packager.archetypes.JavaAppPackaging))), Clause(Atom(com.typesafe.sbt.packager.archetypes.jar.LauncherJarPlugin),Set(Atom(com.typesafe.sbt.packager.archetypes.JavaAppPackaging))), Clause(Atom(com.typesafe.sbt.packager.debian.DebianDeployPlugin),Set(Atom(com.typesafe.sbt.packager.debian.DebianPlugin))), Clause(Atom(com.typesafe.sbt.packager.debian.DebianPlugin),Set(Atom(com.typesafe.sbt.packager.linux.LinuxPlugin))), Clause(Atom(com.typesafe.sbt.packager.debian.JDebPackaging),Set(Atom(com.typesafe.sbt.packager.debian.DebianPlugin))), Clause(Atom(com.typesafe.sbt.packager.docker.DockerPlugin),Set(Atom(com.typesafe.sbt.packager.universal.UniversalPlugin))), Clause(Atom(com.typesafe.sbt.packager.jdkpackager.JDKPackagerDeployPlugin),Set(Atom(com.typesafe.sbt.packager.jdkpackager.JDKPackagerPlugin))), Clause(Atom(com.typesafe.sbt.packager.jdkpackager.JDKPackagerPlugin),Set(Atom(com.typesafe.sbt.packager.archetypes.JavaAppPackaging))), Clause(Atom(com.typesafe.sbt.packager.jdkpackager.JDKPackagerPlugin),Set(Atom(com.typesafe.sbt.packager.archetypes.jar.LauncherJarPlugin))), Clause(Atom(com.typesafe.sbt.packager.linux.LinuxPlugin),Set(Atom(com.typesafe.sbt.packager.universal.UniversalPlugin))), Clause(Atom(com.typesafe.sbt.packager.rpm.RpmDeployPlugin),Set(Atom(com.typesafe.sbt.packager.rpm.RpmPlugin))), Clause(Atom(com.typesafe.sbt.packager.rpm.RpmPlugin),Set(Atom(com.typesafe.sbt.packager.linux.LinuxPlugin))), Clause(Atom(com.typesafe.sbt.packager.universal.UniversalDeployPlugin),Set(Atom(com.typesafe.sbt.packager.universal.UniversalPlugin))), Clause(Atom(com.typesafe.sbt.packager.universal.UniversalPlugin),Set(Atom(com.typesafe.sbt.SbtNativePackager))), Clause(Atom(com.typesafe.sbt.packager.windows.WindowsDeployPlugin),Set(Atom(com.typesafe.sbt.packager.windows.WindowsPlugin))), Clause(Atom(com.typesafe.sbt.packager.windows.WindowsPlugin),Set(Atom(com.typesafe.sbt.packager.universal.UniversalPlugin))), Clause(Atom(com.typesafe.sbt.web.SbtWeb),Set(Atom(sbt.plugins.JvmPlugin))), Clause(Atom(com.typesafe.sbt.jse.SbtJsEngine),Set(Atom(com.typesafe.sbt.web.SbtWeb))), Clause(Atom(com.typesafe.sbt.jse.SbtJsTask),Set(Atom(com.typesafe.sbt.jse.SbtJsEngine))), Clause(Atom(sbt.plugins.BackgroundRunPlugin),Set(Atom(sbt.plugins.JvmPlugin))), Clause(Atom(com.typesafe.sbt.coffeescript.SbtCoffeeScript),Set(Atom(com.typesafe.sbt.jse.SbtJsTask))), Clause(Atom(com.typesafe.sbt.less.SbtLess),Set(Atom(com.typesafe.sbt.jse.SbtJsTask))), Clause(Atom(com.typesafe.sbt.jshint.SbtJSHint),Set(Atom(com.typesafe.sbt.jse.SbtJsTask))), Clause(Atom(com.typesafe.sbt.rjs.SbtRjs),Set(Atom(com.typesafe.sbt.jse.SbtJsTask))), Clause(Atom(com.typesafe.sbt.digest.SbtDigest),Set(Atom(com.typesafe.sbt.web.SbtWeb))), Clause(Atom(com.typesafe.sbt.mocha.SbtMocha),Set(Atom(com.typesafe.sbt.jse.SbtJsTask))), Clause(Atom(com.typesafe.play.sbt.enhancer.PlayEnhancer),Set(Atom(sbt.plugins.JvmPlugin))), Clause(Atom(play.ebean.sbt.PlayEbean),Set(Atom(com.typesafe.play.sbt.enhancer.PlayEnhancer))), Clause(Atom(sbt.plugins.CorePlugin),Set(Atom(sbt.plugins.IvyPlugin))), Clause(Atom(sbt.plugins.IvyPlugin),Set(Atom(sbt.plugins.JvmPlugin))), Clause(Atom(sbt.plugins.JvmPlugin),Set(Atom(sbt.plugins.JUnitXmlReportPlugin))), Clause(And(Set(Atom(sbt.plugins.BackgroundRunPlugin), Atom(play.sbt.Play), Atom(sbt.plugins.SerializersPlugin))),Set(Atom(play.sbt.forkrun.PlayForkRun))), Clause(Atom(play.sbt.Play),Set(Atom(play.sbt.PlayLayoutPlugin))), Clause(Atom(play.sbt.Play),Set(Atom(play.sbt.PlayLogback))), Clause(Atom(play.sbt.Play),Set(Atom(play.sbt.PlayNettyServer))), Clause(Atom(com.typesafe.sbt.web.SbtWeb),Set(Atom(com.typesafe.sbt.jse.SbtJsEngine))), Clause(Atom(com.typesafe.sbt.jse.SbtJsEngine),Set(Atom(com.typesafe.sbt.jse.SbtJsTask))), Clause(Atom(sbt.plugins.JvmPlugin),Set(Atom(sbt.plugins.BackgroundRunPlugin))), Clause(Atom(sbt.plugins.CorePlugin),Set(Atom(sbt.plugins.InteractionServicePlugin))), Clause(Atom(sbt.plugins.CorePlugin),Set(Atom(sbt.plugins.SendEventServicePlugin))), Clause(Atom(sbt.plugins.CorePlugin),Set(Atom(sbt.plugins.SerializersPlugin))), Clause(Atom(com.typesafe.sbt.jse.SbtJsTask),Set(Atom(com.typesafe.sbt.coffeescript.SbtCoffeeScript))), Clause(Atom(com.typesafe.sbt.jse.SbtJsTask),Set(Atom(com.typesafe.sbt.less.SbtLess))), Clause(Atom(com.typesafe.sbt.jse.SbtJsTask),Set(Atom(com.typesafe.sbt.jshint.SbtJSHint))), Clause(Atom(com.typesafe.sbt.jse.SbtJsTask),Set(Atom(com.typesafe.sbt.rjs.SbtRjs))), Clause(Atom(com.typesafe.sbt.web.SbtWeb),Set(Atom(com.typesafe.sbt.digest.SbtDigest))), Clause(Atom(com.typesafe.sbt.jse.SbtJsTask),Set(Atom(com.typesafe.sbt.mocha.SbtMocha))), Clause(Atom(sbt.plugins.JvmPlugin),Set(Atom(com.typesafe.play.sbt.enhancer.PlayEnhancer)))))
  :: deduced result: Matched(sbt.plugins.CorePlugin,play.ebean.sbt.PlayEbean,play.sbt.PlayJava,com.typesafe.play.sbt.enhancer.PlayEnhancer,sbt.plugins.InteractionServicePlugin,sbt.plugins.SendEventServicePlugin,play.sbt.Play,sbt.plugins.SerializersPlugin,sbt.plugins.IvyPlugin,com.typesafe.sbt.packager.archetypes.JavaServerAppPackaging,play.twirl.sbt.SbtTwirl,sbt.plugins.JvmPlugin,play.sbt.PlayNettyServer,play.sbt.PlayLayoutPlugin,play.sbt.routes.RoutesCompiler,play.sbt.PlayLogback,com.typesafe.sbt.jse.SbtJsTask,com.typesafe.sbt.jshint.SbtJSHint,com.typesafe.sbt.packager.archetypes.JavaAppPackaging,sbt.plugins.JUnitXmlReportPlugin,com.typesafe.sbt.mocha.SbtMocha,com.typesafe.sbt.less.SbtLess,com.typesafe.sbt.rjs.SbtRjs,com.typesafe.sbt.jse.SbtJsEngine,com.typesafe.sbt.coffeescript.SbtCoffeeScript,sbt.plugins.BackgroundRunPlugin,com.typesafe.sbt.packager.rpm.RpmPlugin,com.typesafe.sbt.packager.windows.WindowsPlugin,com.typesafe.sbt.web.SbtWeb,com.typesafe.sbt.packager.docker.DockerPlugin,play.sbt.forkrun.PlayForkRun,com.typesafe.sbt.packager.debian.DebianPlugin,com.typesafe.sbt.digest.SbtDigest,com.typesafe.sbt.packager.universal.UniversalPlugin,com.typesafe.sbt.packager.linux.LinuxPlugin,com.typesafe.sbt.SbtNativePackager)
sorting: ns: List(sbt.plugins.CorePlugin, play.ebean.sbt.PlayEbean, play.sbt.PlayJava, com.typesafe.play.sbt.enhancer.PlayEnhancer, sbt.plugins.InteractionServicePlugin, sbt.plugins.SendEventServicePlugin, play.sbt.Play, sbt.plugins.SerializersPlugin, sbt.plugins.IvyPlugin, com.typesafe.sbt.packager.archetypes.JavaServerAppPackaging, play.twirl.sbt.SbtTwirl, sbt.plugins.JvmPlugin, play.sbt.PlayNettyServer, play.sbt.PlayLayoutPlugin, play.sbt.routes.RoutesCompiler, play.sbt.PlayLogback, com.typesafe.sbt.jse.SbtJsTask, com.typesafe.sbt.jshint.SbtJSHint, com.typesafe.sbt.packager.archetypes.JavaAppPackaging, sbt.plugins.JUnitXmlReportPlugin, com.typesafe.sbt.mocha.SbtMocha, com.typesafe.sbt.less.SbtLess, com.typesafe.sbt.rjs.SbtRjs, com.typesafe.sbt.jse.SbtJsEngine, com.typesafe.sbt.coffeescript.SbtCoffeeScript, sbt.plugins.BackgroundRunPlugin, com.typesafe.sbt.packager.rpm.RpmPlugin, com.typesafe.sbt.packager.windows.WindowsPlugin, com.typesafe.sbt.web.SbtWeb, com.typesafe.sbt.packager.docker.DockerPlugin, play.sbt.forkrun.PlayForkRun, com.typesafe.sbt.packager.debian.DebianPlugin, com.typesafe.sbt.digest.SbtDigest, com.typesafe.sbt.packager.universal.UniversalPlugin, com.typesafe.sbt.packager.linux.LinuxPlugin, com.typesafe.sbt.SbtNativePackager)
  :: sorting:: found: List(sbt.plugins.CorePlugin, com.typesafe.sbt.SbtNativePackager) not found List(play.ebean.sbt.PlayEbean, play.sbt.PlayJava, com.typesafe.play.sbt.enhancer.PlayEnhancer, sbt.plugins.InteractionServicePlugin, sbt.plugins.SendEventServicePlugin, play.sbt.Play, sbt.plugins.SerializersPlugin, sbt.plugins.IvyPlugin, com.typesafe.sbt.packager.archetypes.JavaServerAppPackaging, play.twirl.sbt.SbtTwirl, sbt.plugins.JvmPlugin, play.sbt.PlayNettyServer, play.sbt.PlayLayoutPlugin, play.sbt.routes.RoutesCompiler, play.sbt.PlayLogback, com.typesafe.sbt.jse.SbtJsTask, com.typesafe.sbt.jshint.SbtJSHint, com.typesafe.sbt.packager.archetypes.JavaAppPackaging, sbt.plugins.JUnitXmlReportPlugin, com.typesafe.sbt.mocha.SbtMocha, com.typesafe.sbt.less.SbtLess, com.typesafe.sbt.rjs.SbtRjs, com.typesafe.sbt.jse.SbtJsEngine, com.typesafe.sbt.coffeescript.SbtCoffeeScript, sbt.plugins.BackgroundRunPlugin, com.typesafe.sbt.packager.rpm.RpmPlugin, com.typesafe.sbt.packager.windows.WindowsPlugin, com.typesafe.sbt.web.SbtWeb, com.typesafe.sbt.packager.docker.DockerPlugin, play.sbt.forkrun.PlayForkRun, com.typesafe.sbt.packager.debian.DebianPlugin, com.typesafe.sbt.digest.SbtDigest, com.typesafe.sbt.packager.universal.UniversalPlugin, com.typesafe.sbt.packager.linux.LinuxPlugin)
  :: sorting:: found: List(sbt.plugins.CorePlugin, com.typesafe.sbt.SbtNativePackager, sbt.plugins.InteractionServicePlugin, sbt.plugins.SendEventServicePlugin, sbt.plugins.SerializersPlugin, sbt.plugins.IvyPlugin, com.typesafe.sbt.packager.universal.UniversalPlugin) not found List(play.ebean.sbt.PlayEbean, play.sbt.PlayJava, com.typesafe.play.sbt.enhancer.PlayEnhancer, play.sbt.Play, com.typesafe.sbt.packager.archetypes.JavaServerAppPackaging, play.twirl.sbt.SbtTwirl, sbt.plugins.JvmPlugin, play.sbt.PlayNettyServer, play.sbt.PlayLayoutPlugin, play.sbt.routes.RoutesCompiler, play.sbt.PlayLogback, com.typesafe.sbt.jse.SbtJsTask, com.typesafe.sbt.jshint.SbtJSHint, com.typesafe.sbt.packager.archetypes.JavaAppPackaging, sbt.plugins.JUnitXmlReportPlugin, com.typesafe.sbt.mocha.SbtMocha, com.typesafe.sbt.less.SbtLess, com.typesafe.sbt.rjs.SbtRjs, com.typesafe.sbt.jse.SbtJsEngine, com.typesafe.sbt.coffeescript.SbtCoffeeScript, sbt.plugins.BackgroundRunPlugin, com.typesafe.sbt.packager.rpm.RpmPlugin, com.typesafe.sbt.packager.windows.WindowsPlugin, com.typesafe.sbt.web.SbtWeb, com.typesafe.sbt.packager.docker.DockerPlugin, play.sbt.forkrun.PlayForkRun, com.typesafe.sbt.packager.debian.DebianPlugin, com.typesafe.sbt.digest.SbtDigest, com.typesafe.sbt.packager.linux.LinuxPlugin)
  :: sorting:: found: List(sbt.plugins.CorePlugin, com.typesafe.sbt.SbtNativePackager, sbt.plugins.InteractionServicePlugin, sbt.plugins.SendEventServicePlugin, sbt.plugins.SerializersPlugin, sbt.plugins.IvyPlugin, com.typesafe.sbt.packager.universal.UniversalPlugin, sbt.plugins.JvmPlugin, com.typesafe.sbt.packager.windows.WindowsPlugin, com.typesafe.sbt.packager.docker.DockerPlugin, com.typesafe.sbt.packager.linux.LinuxPlugin) not found List(play.ebean.sbt.PlayEbean, play.sbt.PlayJava, com.typesafe.play.sbt.enhancer.PlayEnhancer, play.sbt.Play, com.typesafe.sbt.packager.archetypes.JavaServerAppPackaging, play.twirl.sbt.SbtTwirl, play.sbt.PlayNettyServer, play.sbt.PlayLayoutPlugin, play.sbt.routes.RoutesCompiler, play.sbt.PlayLogback, com.typesafe.sbt.jse.SbtJsTask, com.typesafe.sbt.jshint.SbtJSHint, com.typesafe.sbt.packager.archetypes.JavaAppPackaging, sbt.plugins.JUnitXmlReportPlugin, com.typesafe.sbt.mocha.SbtMocha, com.typesafe.sbt.less.SbtLess, com.typesafe.sbt.rjs.SbtRjs, com.typesafe.sbt.jse.SbtJsEngine, com.typesafe.sbt.coffeescript.SbtCoffeeScript, sbt.plugins.BackgroundRunPlugin, com.typesafe.sbt.packager.rpm.RpmPlugin, com.typesafe.sbt.web.SbtWeb, play.sbt.forkrun.PlayForkRun, com.typesafe.sbt.packager.debian.DebianPlugin, com.typesafe.sbt.digest.SbtDigest)
  :: sorting:: found: List(sbt.plugins.CorePlugin, com.typesafe.sbt.SbtNativePackager, sbt.plugins.InteractionServicePlugin, sbt.plugins.SendEventServicePlugin, sbt.plugins.SerializersPlugin, sbt.plugins.IvyPlugin, com.typesafe.sbt.packager.universal.UniversalPlugin, sbt.plugins.JvmPlugin, com.typesafe.sbt.packager.windows.WindowsPlugin, com.typesafe.sbt.packager.docker.DockerPlugin, com.typesafe.sbt.packager.linux.LinuxPlugin, com.typesafe.play.sbt.enhancer.PlayEnhancer, play.twirl.sbt.SbtTwirl, play.sbt.routes.RoutesCompiler, sbt.plugins.JUnitXmlReportPlugin, sbt.plugins.BackgroundRunPlugin, com.typesafe.sbt.packager.rpm.RpmPlugin, com.typesafe.sbt.web.SbtWeb, com.typesafe.sbt.packager.debian.DebianPlugin) not found List(play.ebean.sbt.PlayEbean, play.sbt.PlayJava, play.sbt.Play, com.typesafe.sbt.packager.archetypes.JavaServerAppPackaging, play.sbt.PlayNettyServer, play.sbt.PlayLayoutPlugin, play.sbt.PlayLogback, com.typesafe.sbt.jse.SbtJsTask, com.typesafe.sbt.jshint.SbtJSHint, com.typesafe.sbt.packager.archetypes.JavaAppPackaging, com.typesafe.sbt.mocha.SbtMocha, com.typesafe.sbt.less.SbtLess, com.typesafe.sbt.rjs.SbtRjs, com.typesafe.sbt.jse.SbtJsEngine, com.typesafe.sbt.coffeescript.SbtCoffeeScript, play.sbt.forkrun.PlayForkRun, com.typesafe.sbt.digest.SbtDigest)
  :: sorting:: found: List(sbt.plugins.CorePlugin, com.typesafe.sbt.SbtNativePackager, sbt.plugins.InteractionServicePlugin, sbt.plugins.SendEventServicePlugin, sbt.plugins.SerializersPlugin, sbt.plugins.IvyPlugin, com.typesafe.sbt.packager.universal.UniversalPlugin, sbt.plugins.JvmPlugin, com.typesafe.sbt.packager.windows.WindowsPlugin, com.typesafe.sbt.packager.docker.DockerPlugin, com.typesafe.sbt.packager.linux.LinuxPlugin, com.typesafe.play.sbt.enhancer.PlayEnhancer, play.twirl.sbt.SbtTwirl, play.sbt.routes.RoutesCompiler, sbt.plugins.JUnitXmlReportPlugin, sbt.plugins.BackgroundRunPlugin, com.typesafe.sbt.packager.rpm.RpmPlugin, com.typesafe.sbt.web.SbtWeb, com.typesafe.sbt.packager.debian.DebianPlugin, play.ebean.sbt.PlayEbean, com.typesafe.sbt.packager.archetypes.JavaAppPackaging, com.typesafe.sbt.jse.SbtJsEngine, com.typesafe.sbt.digest.SbtDigest) not found List(play.sbt.PlayJava, play.sbt.Play, com.typesafe.sbt.packager.archetypes.JavaServerAppPackaging, play.sbt.PlayNettyServer, play.sbt.PlayLayoutPlugin, play.sbt.PlayLogback, com.typesafe.sbt.jse.SbtJsTask, com.typesafe.sbt.jshint.SbtJSHint, com.typesafe.sbt.mocha.SbtMocha, com.typesafe.sbt.less.SbtLess, com.typesafe.sbt.rjs.SbtRjs, com.typesafe.sbt.coffeescript.SbtCoffeeScript, play.sbt.forkrun.PlayForkRun)
  :: sorting:: found: List(sbt.plugins.CorePlugin, com.typesafe.sbt.SbtNativePackager, sbt.plugins.InteractionServicePlugin, sbt.plugins.SendEventServicePlugin, sbt.plugins.SerializersPlugin, sbt.plugins.IvyPlugin, com.typesafe.sbt.packager.universal.UniversalPlugin, sbt.plugins.JvmPlugin, com.typesafe.sbt.packager.windows.WindowsPlugin, com.typesafe.sbt.packager.docker.DockerPlugin, com.typesafe.sbt.packager.linux.LinuxPlugin, com.typesafe.play.sbt.enhancer.PlayEnhancer, play.twirl.sbt.SbtTwirl, play.sbt.routes.RoutesCompiler, sbt.plugins.JUnitXmlReportPlugin, sbt.plugins.BackgroundRunPlugin, com.typesafe.sbt.packager.rpm.RpmPlugin, com.typesafe.sbt.web.SbtWeb, com.typesafe.sbt.packager.debian.DebianPlugin, play.ebean.sbt.PlayEbean, com.typesafe.sbt.packager.archetypes.JavaAppPackaging, com.typesafe.sbt.jse.SbtJsEngine, com.typesafe.sbt.digest.SbtDigest, com.typesafe.sbt.packager.archetypes.JavaServerAppPackaging, com.typesafe.sbt.jse.SbtJsTask) not found List(play.sbt.PlayJava, play.sbt.Play, play.sbt.PlayNettyServer, play.sbt.PlayLayoutPlugin, play.sbt.PlayLogback, com.typesafe.sbt.jshint.SbtJSHint, com.typesafe.sbt.mocha.SbtMocha, com.typesafe.sbt.less.SbtLess, com.typesafe.sbt.rjs.SbtRjs, com.typesafe.sbt.coffeescript.SbtCoffeeScript, play.sbt.forkrun.PlayForkRun)
  :: sorting:: found: List(sbt.plugins.CorePlugin, com.typesafe.sbt.SbtNativePackager, sbt.plugins.InteractionServicePlugin, sbt.plugins.SendEventServicePlugin, sbt.plugins.SerializersPlugin, sbt.plugins.IvyPlugin, com.typesafe.sbt.packager.universal.UniversalPlugin, sbt.plugins.JvmPlugin, com.typesafe.sbt.packager.windows.WindowsPlugin, com.typesafe.sbt.packager.docker.DockerPlugin, com.typesafe.sbt.packager.linux.LinuxPlugin, com.typesafe.play.sbt.enhancer.PlayEnhancer, play.twirl.sbt.SbtTwirl, play.sbt.routes.RoutesCompiler, sbt.plugins.JUnitXmlReportPlugin, sbt.plugins.BackgroundRunPlugin, com.typesafe.sbt.packager.rpm.RpmPlugin, com.typesafe.sbt.web.SbtWeb, com.typesafe.sbt.packager.debian.DebianPlugin, play.ebean.sbt.PlayEbean, com.typesafe.sbt.packager.archetypes.JavaAppPackaging, com.typesafe.sbt.jse.SbtJsEngine, com.typesafe.sbt.digest.SbtDigest, com.typesafe.sbt.packager.archetypes.JavaServerAppPackaging, com.typesafe.sbt.jse.SbtJsTask, play.sbt.Play, com.typesafe.sbt.jshint.SbtJSHint, com.typesafe.sbt.mocha.SbtMocha, com.typesafe.sbt.less.SbtLess, com.typesafe.sbt.rjs.SbtRjs, com.typesafe.sbt.coffeescript.SbtCoffeeScript) not found List(play.sbt.PlayJava, play.sbt.PlayNettyServer, play.sbt.PlayLayoutPlugin, play.sbt.PlayLogback, play.sbt.forkrun.PlayForkRun)
  :: sorting:: found: List(sbt.plugins.CorePlugin, com.typesafe.sbt.SbtNativePackager, sbt.plugins.InteractionServicePlugin, sbt.plugins.SendEventServicePlugin, sbt.plugins.SerializersPlugin, sbt.plugins.IvyPlugin, com.typesafe.sbt.packager.universal.UniversalPlugin, sbt.plugins.JvmPlugin, com.typesafe.sbt.packager.windows.WindowsPlugin, com.typesafe.sbt.packager.docker.DockerPlugin, com.typesafe.sbt.packager.linux.LinuxPlugin, com.typesafe.play.sbt.enhancer.PlayEnhancer, play.twirl.sbt.SbtTwirl, play.sbt.routes.RoutesCompiler, sbt.plugins.JUnitXmlReportPlugin, sbt.plugins.BackgroundRunPlugin, com.typesafe.sbt.packager.rpm.RpmPlugin, com.typesafe.sbt.web.SbtWeb, com.typesafe.sbt.packager.debian.DebianPlugin, play.ebean.sbt.PlayEbean, com.typesafe.sbt.packager.archetypes.JavaAppPackaging, com.typesafe.sbt.jse.SbtJsEngine, com.typesafe.sbt.digest.SbtDigest, com.typesafe.sbt.packager.archetypes.JavaServerAppPackaging, com.typesafe.sbt.jse.SbtJsTask, play.sbt.Play, com.typesafe.sbt.jshint.SbtJSHint, com.typesafe.sbt.mocha.SbtMocha, com.typesafe.sbt.less.SbtLess, com.typesafe.sbt.rjs.SbtRjs, com.typesafe.sbt.coffeescript.SbtCoffeeScript, play.sbt.PlayJava, play.sbt.PlayNettyServer, play.sbt.PlayLayoutPlugin, play.sbt.PlayLogback, play.sbt.forkrun.PlayForkRun) not found List()
  :: sorted deduced result: List(sbt.plugins.CorePlugin, com.typesafe.sbt.SbtNativePackager, sbt.plugins.InteractionServicePlugin, sbt.plugins.SendEventServicePlugin, sbt.plugins.SerializersPlugin, sbt.plugins.IvyPlugin, com.typesafe.sbt.packager.universal.UniversalPlugin, sbt.plugins.JvmPlugin, com.typesafe.sbt.packager.windows.WindowsPlugin, com.typesafe.sbt.packager.docker.DockerPlugin, com.typesafe.sbt.packager.linux.LinuxPlugin, com.typesafe.play.sbt.enhancer.PlayEnhancer, play.twirl.sbt.SbtTwirl, play.sbt.routes.RoutesCompiler, sbt.plugins.JUnitXmlReportPlugin, sbt.plugins.BackgroundRunPlugin, com.typesafe.sbt.packager.rpm.RpmPlugin, com.typesafe.sbt.web.SbtWeb, com.typesafe.sbt.packager.debian.DebianPlugin, play.ebean.sbt.PlayEbean, com.typesafe.sbt.packager.archetypes.JavaAppPackaging, com.typesafe.sbt.jse.SbtJsEngine, com.typesafe.sbt.digest.SbtDigest, com.typesafe.sbt.packager.archetypes.JavaServerAppPackaging, com.typesafe.sbt.jse.SbtJsTask, play.sbt.Play, com.typesafe.sbt.jshint.SbtJSHint, com.typesafe.sbt.mocha.SbtMocha, com.typesafe.sbt.less.SbtLess, com.typesafe.sbt.rjs.SbtRjs, com.typesafe.sbt.coffeescript.SbtCoffeeScript, play.sbt.PlayJava, play.sbt.PlayNettyServer, play.sbt.PlayLayoutPlugin, play.sbt.PlayLogback, play.sbt.forkrun.PlayForkRun)
[Loading] Done in C:\Users\Martin\dp\masarykac, returning: (root)
Set current project to masarykac (in build file:/C:/Users/Martin/dp/masarykac/)
Reapplying settings...
Set current project to masarykac (in build file:/C:/Users/Martin/dp/masarykac/)
> iflast shell
> server-send-ready-for-request
> server-handle-next-server-request
> compile
Evaluating tasks: compile:compile
Running task... Cancel: sbt.server.ServerTaskCancellation@63659dbc, check cycles: false

Initial source changes: 
	removed:Set()
	added: Set()
	modified: Set()
Removed products: Set()
External API changes: API Changes: Set()
Modified binary dependencies: Set()
Initial directly invalidated sources: Set()

Sources indirectly invalidated by:
	product: Set()
	binary dep: Set()
	external source: Set()
All initially invalidated sources: Set()

Total time: 3 s, completed 31.3.2017 15:55:43
> server-post-command-cleanup
> server-handle-next-server-request
> {file:/C:/Users/Martin/dp/masarykac/}root/compile:mainClass
Evaluating tasks: compile:mainClass
Running task... Cancel: sbt.server.ServerTaskCancellation@ee4c0ba, check cycles: false
Total time: 0 s, completed 31.3.2017 15:55:43
> server-post-command-cleanup
> server-handle-next-server-request
> {file:/C:/Users/Martin/dp/masarykac/}root/compile:discoveredMainClasses
Evaluating tasks: compile:discoveredMainClasses
Running task... Cancel: sbt.server.ServerTaskCancellation@40f175ac, check cycles: false

Initial source changes: 
	removed:Set()
	added: Set()
	modified: Set()
Removed products: Set()
External API changes: API Changes: Set()
Modified binary dependencies: Set()
Initial directly invalidated sources: Set()

Sources indirectly invalidated by:
	product: Set()
	binary dep: Set()
	external source: Set()
All initially invalidated sources: Set()

Total time: 1 s, completed 31.3.2017 15:55:44
> server-post-command-cleanup
> server-handle-next-server-request
> {file:/C:/Users/Martin/dp/masarykac/}root/compile:mainClass
Evaluating tasks: compile:mainClass
Running task... Cancel: sbt.server.ServerTaskCancellation@5656859, check cycles: false
Total time: 0 s, completed 31.3.2017 15:55:44
> server-post-command-cleanup
> server-handle-next-server-request
> backgroundRun
Evaluating tasks: compile:backgroundRun
Running task... Cancel: sbt.server.ServerTaskCancellation@74a21bd6, check cycles: false
Total time: 0 s, completed 31.3.2017 15:56:35
> server-post-command-cleanup
> server-handle-next-server-request
> {file:/C:/Users/Martin/dp/masarykac/}root/*:playForkConfig
Evaluating tasks: *:playForkConfig
Running task... Cancel: sbt.server.ServerTaskCancellation@4bb534eb, check cycles: false
Total time: 0 s, completed 31.3.2017 15:56:39
> server-post-command-cleanup
> server-handle-next-server-request
> root/playForkNotifyStart http://localhost:9000
Evaluating tasks: *:playForkNotifyStart
Running task... Cancel: sbt.server.ServerTaskCancellation@7a90fc58, check cycles: false
Total time: 0 s, completed 31.3.2017 15:56:40
> server-post-command-cleanup
> server-handle-next-server-request
> {file:/C:/Users/Martin/dp/masarykac/}root/*:playForkReload
Evaluating tasks: *:playForkReload
Running task... Cancel: sbt.server.ServerTaskCancellation@29e3810d, check cycles: false

Initial source changes: 
	removed:Set()
	added: Set()
	modified: Set()
Removed products: Set()
External API changes: API Changes: Set()
Modified binary dependencies: Set()
Initial directly invalidated sources: Set()

Sources indirectly invalidated by:
	product: Set()
	binary dep: Set()
	external source: Set()
All initially invalidated sources: Set()

Copy resource mappings: 
	(C:\Users\Martin\dp\masarykac\conf\application.conf,C:\Users\Martin\dp\masarykac\target\scala-2.11\classes\application.conf)
	(C:\Users\Martin\dp\masarykac\conf\evolutions,C:\Users\Martin\dp\masarykac\target\scala-2.11\classes\evolutions)
	(C:\Users\Martin\dp\masarykac\conf\fonts,C:\Users\Martin\dp\masarykac\target\scala-2.11\classes\fonts)
	(C:\Users\Martin\dp\masarykac\conf\resources,C:\Users\Martin\dp\masarykac\target\scala-2.11\classes\resources)
	(C:\Users\Martin\dp\masarykac\conf\routes,C:\Users\Martin\dp\masarykac\target\scala-2.11\classes\routes)
	(C:\Users\Martin\dp\masarykac\conf\evolutions\default,C:\Users\Martin\dp\masarykac\target\scala-2.11\classes\evolutions\default)
	(C:\Users\Martin\dp\masarykac\conf\evolutions\default\1.sql,C:\Users\Martin\dp\masarykac\target\scala-2.11\classes\evolutions\default\1.sql)
	(C:\Users\Martin\dp\masarykac\conf\fonts\OpenSans-Bold.ttf,C:\Users\Martin\dp\masarykac\target\scala-2.11\classes\fonts\OpenSans-Bold.ttf)
	(C:\Users\Martin\dp\masarykac\conf\fonts\OpenSans-BoldItalic.ttf,C:\Users\Martin\dp\masarykac\target\scala-2.11\classes\fonts\OpenSans-BoldItalic.ttf)
	(C:\Users\Martin\dp\masarykac\conf\fonts\OpenSans-Italic.ttf,C:\Users\Martin\dp\masarykac\target\scala-2.11\classes\fonts\OpenSans-Italic.ttf)
	(C:\Users\Martin\dp\masarykac\conf\fonts\OpenSans-Regular.ttf,C:\Users\Martin\dp\masarykac\target\scala-2.11\classes\fonts\OpenSans-Regular.ttf)
	(C:\Users\Martin\dp\masarykac\conf\fonts\osifont.ttf,C:\Users\Martin\dp\masarykac\target\scala-2.11\classes\fonts\osifont.ttf)
	(C:\Users\Martin\dp\masarykac\conf\fonts\Technika-Regular.ttf,C:\Users\Martin\dp\masarykac\target\scala-2.11\classes\fonts\Technika-Regular.ttf)
	(C:\Users\Martin\dp\masarykac\conf\resources\fonts,C:\Users\Martin\dp\masarykac\target\scala-2.11\classes\resources\fonts)
	(C:\Users\Martin\dp\masarykac\conf\resources\fonts\Technika-Regular.ttf,C:\Users\Martin\dp\masarykac\target\scala-2.11\classes\resources\fonts\Technika-Regular.ttf)
Total time: 3 s, completed 31.3.2017 15:56:56
> server-post-command-cleanup
> server-handle-next-server-request
> {file:/C:/Users/Martin/dp/masarykac/}root/*:playForkReload
Evaluating tasks: *:playForkReload
Running task... Cancel: sbt.server.ServerTaskCancellation@355ea3fa, check cycles: false

Initial source changes: 
	removed:Set()
	added: Set()
	modified: Set(C:\Users\Martin\dp\masarykac\target\scala-2.11\twirl\main\views\html\formCourse.template.scala)
Removed products: Set()
External API changes: API Changes: Set()
Modified binary dependencies: Set()
Initial directly invalidated sources: Set(C:\Users\Martin\dp\masarykac\target\scala-2.11\twirl\main\views\html\formCourse.template.scala)

Sources indirectly invalidated by:
	product: Set()
	binary dep: Set()
	external source: Set()
All initially invalidated sources: Set(C:\Users\Martin\dp\masarykac\target\scala-2.11\twirl\main\views\html\formCourse.template.scala)

Read from stdout: Compiling 1 Scala source to C:\Users\Martin\dp\masarykac\target\scala-2.11\classes...
Compiling 1 Scala source to C:\Users\Martin\dp\masarykac\target\scala-2.11\classes...
Getting compiler-interface from component compiler for Scala 2.11.6
Other repositories:
Default repositories:
Getting compiler-interface from component compiler for Scala 2.11.6
Other repositories:
Default repositories:
Running cached compiler 2daee5bf, interfacing (CompilerInterface) with Scala compiler version 2.11.6
Calling Scala compiler with arguments  (CompilerInterface):
	-deprecation
	-unchecked
	-encoding
	utf8
	-bootclasspath
	C:\Program Files\Java\jdk1.8.0_25\jre\lib\resources.jar;C:\Program Files\Java\jdk1.8.0_25\jre\lib\rt.jar;C:\Program Files\Java\jdk1.8.0_25\jre\lib\sunrsasign.jar;C:\Program Files\Java\jdk1.8.0_25\jre\lib\jsse.jar;C:\Program Files\Java\jdk1.8.0_25\jre\lib\jce.jar;C:\Program Files\Java\jdk1.8.0_25\jre\lib\charsets.jar;C:\Program Files\Java\jdk1.8.0_25\jre\lib\jfr.jar;C:\Program Files\Java\jdk1.8.0_25\jre\classes;E:\Users\Martin\Downloads\typesafe-activator-1.3.12\activator-dist-1.3.12\repository\org.scala-lang\scala-library\2.11.6\jars\scala-library.jar
	-classpath
	C:\Users\Martin\dp\masarykac\target\scala-2.11\classes;C:\Users\Martin\.ivy2\cache\com.typesafe.play\play-enhancer\jars\play-enhancer-1.1.0.jar;E:\Users\Martin\Downloads\typesafe-activator-1.3.12\activator-dist-1.3.12\repository\com.typesafe.play\twirl-api_2.11\1.1.1\jars\twirl-api_2.11.jar;E:\Users\Martin\Downloads\typesafe-activator-1.3.12\activator-dist-1.3.12\repository\org.apache.commons\commons-lang3\3.4\jars\commons-lang3.jar;C:\Users\Martin\.ivy2\cache\org.scala-lang.modules\scala-xml_2.11\bundles\scala-xml_2.11-1.0.1.jar;C:\Users\Martin\.ivy2\cache\com.typesafe.play\play-ebean_2.11\jars\play-ebean_2.11-3.0.1.jar;C:\Users\Martin\.ivy2\cache\com.typesafe.play\play-java-jdbc_2.11\jars\play-java-jdbc_2.11-2.5.10.jar;C:\Users\Martin\.ivy2\cache\com.typesafe.play\play-jdbc_2.11\jars\play-jdbc_2.11-2.5.10.jar;C:\Users\Martin\.ivy2\cache\com.typesafe.play\play-jdbc-api_2.11\jars\play-jdbc-api_2.11-2.5.10.jar;C:\Users\Martin\.ivy2\cache\com.typesafe.play\play_2.11\jars\play_2.11-2.5.10.jar;C:\Users\Martin\.ivy2\cache\com.typesafe.play\build-link\jars\build-link-2.5.10.jar;C:\Users\Martin\.ivy2\cache\com.typesafe.play\play-exceptions\jars\play-exceptions-2.5.10.jar;C:\Users\Martin\.ivy2\cache\com.typesafe.play\play-iteratees_2.11\jars\play-iteratees_2.11-2.5.10.jar;C:\Users\Martin\.ivy2\cache\org.scala-stm\scala-stm_2.11\jars\scala-stm_2.11-0.7.jar;E:\Users\Martin\Downloads\typesafe-activator-1.3.12\activator-dist-1.3.12\repository\com.typesafe\config\1.3.0\bundles\config.jar;C:\Users\Martin\.ivy2\cache\com.typesafe.play\play-json_2.11\jars\play-json_2.11-2.5.10.jar;C:\Users\Martin\.ivy2\cache\com.typesafe.play\play-functional_2.11\jars\play-functional_2.11-2.5.10.jar;C:\Users\Martin\.ivy2\cache\com.typesafe.play\play-datacommons_2.11\jars\play-datacommons_2.11-2.5.10.jar;C:\Users\Martin\.ivy2\cache\joda-time\joda-time\jars\joda-time-2.9.6.jar;E:\Users\Martin\Downloads\typesafe-activator-1.3.12\activator-dist-1.3.12\repository\org.joda\joda-convert\1.8.1\jars\joda-convert.jar;E:\Users\Martin\Downloads\typesafe-activator-1.3.12\activator-dist-1.3.12\repository\org.scala-lang\scala-reflect\2.11.7\jars\scala-reflect.jar;C:\Users\Martin\.ivy2\cache\com.fasterxml.jackson.core\jackson-core\bundles\jackson-core-2.7.8.jar;C:\Users\Martin\.ivy2\cache\com.fasterxml.jackson.core\jackson-annotations\bundles\jackson-annotations-2.7.8.jar;C:\Users\Martin\.ivy2\cache\com.fasterxml.jackson.core\jackson-databind\bundles\jackson-databind-2.7.8.jar;C:\Users\Martin\.ivy2\cache\com.fasterxml.jackson.datatype\jackson-datatype-jdk8\bundles\jackson-datatype-jdk8-2.7.8.jar;C:\Users\Martin\.ivy2\cache\com.fasterxml.jackson.datatype\jackson-datatype-jsr310\bundles\jackson-datatype-jsr310-2.7.8.jar;C:\Users\Martin\.ivy2\cache\com.typesafe.play\play-netty-utils\jars\play-netty-utils-2.5.10.jar;E:\Users\Martin\Downloads\typesafe-activator-1.3.12\activator-dist-1.3.12\repository\org.slf4j\slf4j-api\1.7.21\jars\slf4j-api.jar;E:\Users\Martin\Downloads\typesafe-activator-1.3.12\activator-dist-1.3.12\repository\org.slf4j\jul-to-slf4j\1.7.21\jars\jul-to-slf4j.jar;E:\Users\Martin\Downloads\typesafe-activator-1.3.12\activator-dist-1.3.12\repository\org.slf4j\jcl-over-slf4j\1.7.21\jars\jcl-over-slf4j.jar;C:\Users\Martin\.ivy2\cache\com.typesafe.play\play-streams_2.11\jars\play-streams_2.11-2.5.10.jar;E:\Users\Martin\Downloads\typesafe-activator-1.3.12\activator-dist-1.3.12\repository\org.reactivestreams\reactive-streams\1.0.0\jars\reactive-streams.jar;C:\Users\Martin\.ivy2\cache\com.typesafe.akka\akka-stream_2.11\jars\akka-stream_2.11-2.4.12.jar;C:\Users\Martin\.ivy2\cache\com.typesafe.akka\akka-actor_2.11\jars\akka-actor_2.11-2.4.12.jar;E:\Users\Martin\Downloads\typesafe-activator-1.3.12\activator-dist-1.3.12\repository\org.scala-lang.modules\scala-java8-compat_2.11\0.7.0\bundles\scala-java8-compat_2.11.jar;E:\Users\Martin\Downloads\typesafe-activator-1.3.12\activator-dist-1.3.12\repository\com.typesafe\ssl-config-core_2.11\0.2.1\bundles\ssl-config-core_2.11.jar;E:\Users\Martin\Downloads\typesafe-activator-1.3.12\activator-dist-1.3.12\repository\org.scala-lang.modules\scala-parser-combinators_2.11\1.0.4\bundles\scala-parser-combinators_2.11.jar;C:\Users\Martin\.ivy2\cache\com.typesafe.akka\akka-slf4j_2.11\jars\akka-slf4j_2.11-2.4.12.jar;E:\Users\Martin\Downloads\typesafe-activator-1.3.12\activator-dist-1.3.12\repository\commons-codec\commons-codec\1.10\jars\commons-codec.jar;E:\Users\Martin\Downloads\typesafe-activator-1.3.12\activator-dist-1.3.12\repository\xerces\xercesImpl\2.11.0\jars\xercesImpl.jar;E:\Users\Martin\Downloads\typesafe-activator-1.3.12\activator-dist-1.3.12\repository\xml-apis\xml-apis\1.4.01\jars\xml-apis.jar;C:\Users\Martin\.ivy2\cache\javax.transaction\jta\jars\jta-1.1.jar;E:\Users\Martin\Downloads\typesafe-activator-1.3.12\activator-dist-1.3.12\repository\com.google.inject\guice\4.0\jars\guice.jar;E:\Users\Martin\Downloads\typesafe-activator-1.3.12\activator-dist-1.3.12\repository\javax.inject\javax.inject\1\jars\javax.inject.jar;E:\Users\Martin\Downloads\typesafe-activator-1.3.12\activator-dist-1.3.12\repository\aopalliance\aopalliance\1.0\jars\aopalliance.jar;E:\Users\Martin\Downloads\typesafe-activator-1.3.12\activator-dist-1.3.12\repository\com.google.inject.extensions\guice-assistedinject\4.0\jars\guice-assistedinject.jar;C:\Users\Martin\.ivy2\cache\com.jolbox\bonecp\bundles\bonecp-0.8.0.RELEASE.jar;E:\Users\Martin\Downloads\typesafe-activator-1.3.12\activator-dist-1.3.12\repository\com.zaxxer\HikariCP\2.5.1\bundles\HikariCP.jar;E:\Users\Martin\Downloads\typesafe-activator-1.3.12\activator-dist-1.3.12\repository\com.googlecode.usc\jdbcdslog\1.0.6.2\jars\jdbcdslog.jar;E:\Users\Martin\Downloads\typesafe-activator-1.3.12\activator-dist-1.3.12\repository\com.h2database\h2\1.4.192\jars\h2.jar;C:\Users\Martin\.ivy2\cache\tyrex\tyrex\jars\tyrex-1.0.1.jar;C:\Users\Martin\.ivy2\cache\com.typesafe.play\play-java_2.11\jars\play-java_2.11-2.5.10.jar;E:\Users\Martin\Downloads\typesafe-activator-1.3.12\activator-dist-1.3.12\repository\org.yaml\snakeyaml\1.16\bundles\snakeyaml.jar;E:\Users\Martin\Downloads\typesafe-activator-1.3.12\activator-dist-1.3.12\repository\org.hibernate\hibernate-validator\5.2.4.Final\jars\hibernate-validator.jar;C:\Users\Martin\.ivy2\cache\javax.validation\validation-api\jars\validation-api-1.1.0.Final.jar;E:\Users\Martin\Downloads\typesafe-activator-1.3.12\activator-dist-1.3.12\repository\org.jboss.logging\jboss-logging\3.2.1.Final\jars\jboss-logging.jar;E:\Users\Martin\Downloads\typesafe-activator-1.3.12\activator-dist-1.3.12\repository\com.fasterxml\classmate\1.1.0\bundles\classmate.jar;E:\Users\Martin\Downloads\typesafe-activator-1.3.12\activator-dist-1.3.12\repository\javax.el\javax.el-api\3.0.0\jars\javax.el-api.jar;E:\Users\Martin\Downloads\typesafe-activator-1.3.12\activator-dist-1.3.12\repository\org.springframework\spring-context\4.2.7.RELEASE\jars\spring-context.jar;E:\Users\Martin\Downloads\typesafe-activator-1.3.12\activator-dist-1.3.12\repository\org.springframework\spring-core\4.2.7.RELEASE\jars\spring-core.jar;E:\Users\Martin\Downloads\typesafe-activator-1.3.12\activator-dist-1.3.12\repository\org.springframework\spring-beans\4.2.7.RELEASE\jars\spring-beans.jar;E:\Users\Martin\Downloads\typesafe-activator-1.3.12\activator-dist-1.3.12\repository\org.reflections\reflections\0.9.10\jars\reflections.jar;E:\Users\Martin\Downloads\typesafe-activator-1.3.12\activator-dist-1.3.12\repository\com.google.guava\guava\19.0\bundles\guava.jar;E:\Users\Martin\Downloads\typesafe-activator-1.3.12\activator-dist-1.3.12\repository\net.jodah\typetools\0.4.4\bundles\typetools.jar;E:\Users\Martin\Downloads\typesafe-activator-1.3.12\activator-dist-1.3.12\repository\com.google.code.findbugs\jsr305\3.0.1\jars\jsr305.jar;E:\Users\Martin\Downloads\typesafe-activator-1.3.12\activator-dist-1.3.12\repository\org.apache.tomcat\tomcat-servlet-api\8.0.33\jars\tomcat-servlet-api.jar;C:\Users\Martin\.ivy2\cache\com.typesafe.play\play-jdbc-evolutions_2.11\jars\play-jdbc-evolutions_2.11-2.5.0.jar;C:\Users\Martin\.ivy2\cache\org.avaje.ebeanorm\avaje-ebeanorm\jars\avaje-ebeanorm-6.18.1.jar;C:\Users\Martin\.ivy2\cache\org.jetbrains\annotations\jars\annotations-13.0.jar;C:\Users\Martin\.ivy2\cache\javax.persistence\persistence-api\jars\persistence-api-1.0.jar;C:\Users\Martin\.ivy2\cache\org.avaje.ebeanorm\avaje-ebeanorm-agent\jars\avaje-ebeanorm-agent-4.9.1.jar;C:\Users\Martin\.ivy2\cache\com.typesafe.play\play-server_2.11\jars\play-server_2.11-2.5.10.jar;C:\Users\Martin\.ivy2\cache\com.typesafe.play\play-netty-server_2.11\jars\play-netty-server_2.11-2.5.10.jar;E:\Users\Martin\Downloads\typesafe-activator-1.3.12\activator-dist-1.3.12\repository\com.typesafe.netty\netty-reactive-streams-http\1.0.8\jars\netty-reactive-streams-http.jar;E:\Users\Martin\Downloads\typesafe-activator-1.3.12\activator-dist-1.3.12\repository\com.typesafe.netty\netty-reactive-streams\1.0.8\jars\netty-reactive-streams.jar;E:\Users\Martin\Downloads\typesafe-activator-1.3.12\activator-dist-1.3.12\repository\io.netty\netty-handler\4.0.41.Final\jars\netty-handler.jar;E:\Users\Martin\Downloads\typesafe-activator-1.3.12\activator-dist-1.3.12\repository\io.netty\netty-buffer\4.0.41.Final\jars\netty-buffer.jar;E:\Users\Martin\Downloads\typesafe-activator-1.3.12\activator-dist-1.3.12\repository\io.netty\netty-common\4.0.41.Final\jars\netty-common.jar;E:\Users\Martin\Downloads\typesafe-activator-1.3.12\activator-dist-1.3.12\repository\io.netty\netty-transport\4.0.41.Final\jars\netty-transport.jar;E:\Users\Martin\Downloads\typesafe-activator-1.3.12\activator-dist-1.3.12\repository\io.netty\netty-codec\4.0.41.Final\jars\netty-codec.jar;E:\Users\Martin\Downloads\typesafe-activator-1.3.12\activator-dist-1.3.12\repository\io.netty\netty-codec-http\4.0.41.Final\jars\netty-codec-http.jar;E:\Users\Martin\Downloads\typesafe-activator-1.3.12\activator-dist-1.3.12\repository\io.netty\netty-transport-native-epoll\4.0.41.Final\jars\netty-transport-native-epoll-linux-x86_64.jar;C:\Users\Martin\.ivy2\cache\com.typesafe.play\play-logback_2.11\jars\play-logback_2.11-2.5.10.jar;E:\Users\Martin\Downloads\typesafe-activator-1.3.12\activator-dist-1.3.12\repository\ch.qos.logback\logback-classic\1.1.7\jars\logback-classic.jar;E:\Users\Martin\Downloads\typesafe-activator-1.3.12\activator-dist-1.3.12\repository\ch.qos.logback\logback-core\1.1.7\jars\logback-core.jar;C:\Users\Martin\.ivy2\cache\com.typesafe.play\play-java-jpa_2.11\jars\play-java-jpa_2.11-2.5.10.jar;C:\Users\Martin\.ivy2\cache\org.hibernate.javax.persistence\hibernate-jpa-2.1-api\jars\hibernate-jpa-2.1-api-1.0.0.Final.jar;C:\Users\Martin\.ivy2\cache\com.typesafe.play\play-cache_2.11\jars\play-cache_2.11-2.5.10.jar;E:\Users\Martin\Downloads\typesafe-activator-1.3.12\activator-dist-1.3.12\repository\net.sf.ehcache\ehcache-core\2.6.11\jars\ehcache-core.jar;C:\Users\Martin\.ivy2\cache\com.typesafe.play\play-java-ws_2.11\jars\play-java-ws_2.11-2.5.10.jar;C:\Users\Martin\.ivy2\cache\com.typesafe.play\play-ws_2.11\jars\play-ws_2.11-2.5.10.jar;E:\Users\Martin\Downloads\typesafe-activator-1.3.12\activator-dist-1.3.12\repository\org.asynchttpclient\async-http-client\2.0.11\jars\async-http-client.jar;E:\Users\Martin\Downloads\typesafe-activator-1.3.12\activator-dist-1.3.12\repository\org.asynchttpclient\netty-resolver-dns\2.0.11\jars\netty-resolver-dns.jar;E:\Users\Martin\Downloads\typesafe-activator-1.3.12\activator-dist-1.3.12\repository\org.asynchttpclient\netty-resolver\2.0.11\jars\netty-resolver.jar;E:\Users\Martin\Downloads\typesafe-activator-1.3.12\activator-dist-1.3.12\repository\org.asynchttpclient\netty-codec-dns\2.0.11\jars\netty-codec-dns.jar;E:\Users\Martin\Downloads\typesafe-activator-1.3.12\activator-dist-1.3.12\repository\org.javassist\javassist\3.20.0-GA\bundles\javassist.jar;C:\Users\Martin\.ivy2\cache\oauth.signpost\signpost-core\jars\signpost-core-1.2.1.2.jar;C:\Users\Martin\.ivy2\cache\oauth.signpost\signpost-commonshttp4\jars\signpost-commonshttp4-1.2.1.2.jar;C:\Users\Martin\.ivy2\cache\org.apache.httpcomponents\httpcore\jars\httpcore-4.0.1.jar;C:\Users\Martin\.ivy2\cache\org.apache.httpcomponents\httpclient\jars\httpclient-4.0.1.jar;E:\Users\Martin\Downloads\typesafe-activator-1.3.12\activator-dist-1.3.12\repository\commons-logging\commons-logging\1.1.1\jars\commons-logging.jar;C:\Users\Martin\.ivy2\cache\com.typesafe.play\anorm_2.11\jars\anorm_2.11-2.4.0.jar;C:\Users\Martin\.ivy2\cache\com.typesafe.play\anorm-tokenizer_2.11\jars\anorm-tokenizer_2.11-2.4.0.jar;C:\Users\Martin\.ivy2\cache\com.jsuereth\scala-arm_2.11\jars\scala-arm_2.11-1.4.jar;C:\Users\Martin\.ivy2\cache\org.scala-lang.plugins\scala-continuations-library_2.11\bundles\scala-continuations-library_2.11-1.0.1.jar;C:\Users\Martin\.ivy2\cache\org.mindrot\jbcrypt\jars\jbcrypt-0.3m.jar;C:\Users\Martin\.ivy2\cache\org.webjars\bootstrap\jars\bootstrap-3.3.2.jar;C:\Users\Martin\.ivy2\cache\org.webjars\jquery\jars\jquery-2.1.3.jar;C:\Users\Martin\.ivy2\cache\org.webjars\metisMenu\jars\metisMenu-1.1.3.jar;C:\Users\Martin\.ivy2\cache\org.webjars\morrisjs\jars\morrisjs-0.5.1.jar;C:\Users\Martin\.ivy2\cache\org.webjars\raphaeljs\jars\raphaeljs-2.1.2-1.jar;C:\Users\Martin\.ivy2\cache\org.webjars\font-awesome\jars\font-awesome-4.3.0.jar;C:\Users\Martin\.ivy2\cache\org.webjars\flot\jars\flot-0.8.3.jar;C:\Users\Martin\.ivy2\cache\org.webjars\explorercanvas\jars\explorercanvas-r3-1.jar;C:\Users\Martin\.ivy2\cache\org.webjars\datatables\jars\datatables-1.10.5.jar;C:\Users\Martin\.ivy2\cache\org.webjars\datatables-plugins\jars\datatables-plugins-1.10.5.jar;C:\Users\Martin\.ivy2\cache\com.newrelic.agent.java\newrelic-agent\jars\newrelic-agent-3.14.0.jar;C:\Users\Martin\.ivy2\cache\com.newrelic.agent.java\newrelic-api\jars\newrelic-api-3.14.0.jar;C:\Users\Martin\.ivy2\cache\it.innove\play2-pdf\jars\play2-pdf-1.5.2.jar;E:\Users\Martin\Downloads\typesafe-activator-1.3.12\activator-dist-1.3.12\repository\commons-io\commons-io\2.4\jars\commons-io.jar;C:\Users\Martin\.ivy2\cache\org.xhtmlrenderer\flying-saucer-pdf\jars\flying-saucer-pdf-9.1.1.jar;C:\Users\Martin\.ivy2\cache\com.lowagie\itext\jars\itext-2.1.7.jar;C:\Users\Martin\.ivy2\cache\bouncycastle\bcmail-jdk14\jars\bcmail-jdk14-138.jar;C:\Users\Martin\.ivy2\cache\bouncycastle\bcprov-jdk14\jars\bcprov-jdk14-138.jar;C:\Users\Martin\.ivy2\cache\org.bouncycastle\bctsp-jdk14\jars\bctsp-jdk14-1.38.jar;C:\Users\Martin\.ivy2\cache\org.bouncycastle\bcprov-jdk14\jars\bcprov-jdk14-1.38.jar;C:\Users\Martin\.ivy2\cache\org.bouncycastle\bcmail-jdk14\jars\bcmail-jdk14-1.38.jar;C:\Users\Martin\.ivy2\cache\org.xhtmlrenderer\flying-saucer-core\jars\flying-saucer-core-9.1.1.jar;C:\Users\Martin\.ivy2\cache\nu.validator.htmlparser\htmlparser\bundles\htmlparser-1.4.jar;C:\Users\Martin\.ivy2\cache\org.postgresql\postgresql\jars\postgresql-9.3-1102-jdbc41.jar
Scala compilation took 4.398152629 s
New invalidations:
	Set()
Initial set of included nodes: Set()
Previously invalidated, but (transitively) depend on new invalidations:
	Set()
All newly invalidated sources after taking into account (previously) recompiled sources:Set()
Copy resource mappings: 
	(C:\Users\Martin\dp\masarykac\conf\application.conf,C:\Users\Martin\dp\masarykac\target\scala-2.11\classes\application.conf)
	(C:\Users\Martin\dp\masarykac\conf\evolutions,C:\Users\Martin\dp\masarykac\target\scala-2.11\classes\evolutions)
	(C:\Users\Martin\dp\masarykac\conf\fonts,C:\Users\Martin\dp\masarykac\target\scala-2.11\classes\fonts)
	(C:\Users\Martin\dp\masarykac\conf\resources,C:\Users\Martin\dp\masarykac\target\scala-2.11\classes\resources)
	(C:\Users\Martin\dp\masarykac\conf\routes,C:\Users\Martin\dp\masarykac\target\scala-2.11\classes\routes)
	(C:\Users\Martin\dp\masarykac\conf\evolutions\default,C:\Users\Martin\dp\masarykac\target\scala-2.11\classes\evolutions\default)
	(C:\Users\Martin\dp\masarykac\conf\evolutions\default\1.sql,C:\Users\Martin\dp\masarykac\target\scala-2.11\classes\evolutions\default\1.sql)
	(C:\Users\Martin\dp\masarykac\conf\fonts\OpenSans-Bold.ttf,C:\Users\Martin\dp\masarykac\target\scala-2.11\classes\fonts\OpenSans-Bold.ttf)
	(C:\Users\Martin\dp\masarykac\conf\fonts\OpenSans-BoldItalic.ttf,C:\Users\Martin\dp\masarykac\target\scala-2.11\classes\fonts\OpenSans-BoldItalic.ttf)
	(C:\Users\Martin\dp\masarykac\conf\fonts\OpenSans-Italic.ttf,C:\Users\Martin\dp\masarykac\target\scala-2.11\classes\fonts\OpenSans-Italic.ttf)
	(C:\Users\Martin\dp\masarykac\conf\fonts\OpenSans-Regular.ttf,C:\Users\Martin\dp\masarykac\target\scala-2.11\classes\fonts\OpenSans-Regular.ttf)
	(C:\Users\Martin\dp\masarykac\conf\fonts\osifont.ttf,C:\Users\Martin\dp\masarykac\target\scala-2.11\classes\fonts\osifont.ttf)
	(C:\Users\Martin\dp\masarykac\conf\fonts\Technika-Regular.ttf,C:\Users\Martin\dp\masarykac\target\scala-2.11\classes\fonts\Technika-Regular.ttf)
	(C:\Users\Martin\dp\masarykac\conf\resources\fonts,C:\Users\Martin\dp\masarykac\target\scala-2.11\classes\resources\fonts)
	(C:\Users\Martin\dp\masarykac\conf\resources\fonts\Technika-Regular.ttf,C:\Users\Martin\dp\masarykac\target\scala-2.11\classes\resources\fonts\Technika-Regular.ttf)
Total time: 7 s, completed 31.3.2017 15:59:58
> server-post-command-cleanup
> server-handle-next-server-request
